#
# A fatal error has been detected by the Java Runtime Environment:
#
#  EXCEPTION_ACCESS_VIOLATION (0xc0000005) at pc=0x00000001ef949180, pid=15540, tid=11068
#
# JRE version: Java(TM) SE Runtime Environment (8.0_20-b26) (build 1.8.0_20-b26)
# Java VM: Java HotSpot(TM) 64-Bit Server VM (25.20-b23 mixed mode windows-amd64 compressed oops)
# Problematic frame:
# C  0x00000001ef949180
#
# Failed to write core dump. Minidumps are not enabled by default on client versions of Windows
#
# If you would like to submit a bug report, please visit:
#   http://bugreport.sun.com/bugreport/crash.jsp
#

---------------  T H R E A D  ---------------

Current thread (0x000000001e47e000):  JavaThread "Daemon worker Thread 2" [_thread_in_Java, id=11068, stack(0x000000002d7f0000,0x000000002d8f0000)]

siginfo: ExceptionCode=0xc0000005, ExceptionInformation=0x0000000000000008 0x00000001ef949180

Registers:
RAX=0x0000000080607df0, RBX=0x0000000017ebff38, RCX=0x0000000000000030, RDX=0x0000000000000158
RSP=0x000000002d8eb860, RBP=0x0000000080039080, RSI=0x0000000023d55a00, RDI=0x0000000000000199
R8 =0x0000000000000199, R9 =0x0000000080280cb0, R10=0x0000000080607df0, R11=0x0000000004ef69c0
R12=0x0000000000000000, R13=0x000000002d8eb850, R14=0x000000002d8eb9a8, R15=0x000000001e47e000
RIP=0x00000001ef949180, EFLAGS=0x0000000000010246

Top of Stack: (sp=0x000000002d8eb860)
0x000000002d8eb860:   000000008223e650 0000000003e6cb84
0x000000002d8eb870:   000000002d8eb8a0 0000000003d73fb4
0x000000002d8eb880:   0000000003d73fb4 0000000080607df0
0x000000002d8eb890:   00000000801f80d8 0000000080280c50
0x000000002d8eb8a0:   000000008223e650 00000000040d9cb8
0x000000002d8eb8b0:   00000000dc12f6c0 0000000000000000
0x000000002d8eb8c0:   00000000801f80d8 0000000080607df0
0x000000002d8eb8d0:   00000000dbff65a8 00000000dc12f688
0x000000002d8eb8e0:   000000002d8eb950 00000000036677b0
0x000000002d8eb8f0:   000000002d8ebba0 00000000036677b0
0x000000002d8eb900:   0000000080607df0 0000000080282870
0x000000002d8eb910:   000000002d8eb910 0000000023293a3f
0x000000002d8eb920:   000000002d8eb9a8 0000000023293af8
0x000000002d8eb930:   0000000000000000 0000000023293a88
0x000000002d8eb940:   000000002d8eb900 000000002d8eb9b0
0x000000002d8eb950:   000000002d8eb9b0 000000000491f9e4 

Instructions: (pc=0x00000001ef949180)
0x00000001ef949160:   
[error occurred during error reporting (printing registers, top of stack, instructions near pc), id 0xc0000005]

Register to memory mapping:

RAX=0x0000000080607df0 is an oop
java.lang.invoke.MethodType 
 - klass: 'java/lang/invoke/MethodType'
RBX={method} {0x0000000017ebff40} 'castReference' '(Ljava/lang/Class;Ljava/lang/Object;)Ljava/lang/Object;' in 'java/lang/invoke/MethodHandleImpl'
RCX=0x0000000000000030 is an unknown value
RDX=0x0000000000000158 is an unknown value
RSP=0x000000002d8eb860 is pointing into the stack for thread: 0x000000001e47e000
RBP=0x0000000080039080 is an oop
java.lang.Class 
 - klass: 'java/lang/Class'
RSI=0x0000000023d55a00 is pointing into metadata
RDI=0x0000000000000199 is an unknown value
R8 =0x0000000000000199 is an unknown value
R9 =0x0000000080280cb0 is an oop
java.lang.invoke.MemberName 
 - klass: 'java/lang/invoke/MemberName'
R10=0x0000000080607df0 is an oop
java.lang.invoke.MethodType 
 - klass: 'java/lang/invoke/MethodType'
R11=0x0000000004ef69c0 is at entry_point+0 in (nmethod*)0x0000000004ef6850
R12=0x0000000000000000 is an unknown value
R13=0x000000002d8eb850 is pointing into the stack for thread: 0x000000001e47e000
R14=0x000000002d8eb9a8 is pointing into the stack for thread: 0x000000001e47e000
R15=0x000000001e47e000 is a thread


Stack: [0x000000002d7f0000,0x000000002d8f0000],  sp=0x000000002d8eb860,  free space=1006k
Native frames: (J=compiled Java code, j=interpreted, Vv=VM code, C=native code)
C  0x00000001ef949180


---------------  P R O C E S S  ---------------

Java Threads: ( => current thread )
  0x000000001e487800 JavaThread "pool-4-thread-1" [_thread_blocked, id=6592, stack(0x000000002daf0000,0x000000002dbf0000)]
  0x000000001e485800 JavaThread "Stdin handler" [_thread_blocked, id=15796, stack(0x000000002d9f0000,0x000000002daf0000)]
  0x000000001e47e800 JavaThread "Asynchronous log dispatcher for DefaultDaemonConnection: socket connection from /127.0.0.1:52902 to /127.0.0.1:58219" [_thread_blocked, id=12784, stack(0x000000002d8f0000,0x000000002d9f0000)]
=>0x000000001e47e000 JavaThread "Daemon worker Thread 2" [_thread_in_Java, id=11068, stack(0x000000002d7f0000,0x000000002d8f0000)]
  0x000000001e484800 JavaThread "Cancel handler" [_thread_blocked, id=15556, stack(0x000000002d6f0000,0x000000002d7f0000)]
  0x000000001e484000 JavaThread "Handler for socket connection from /127.0.0.1:52902 to /127.0.0.1:58219" [_thread_in_native, id=14484, stack(0x000000002d5f0000,0x000000002d6f0000)]
  0x000000001e483000 JavaThread "Daemon Thread 2" [_thread_blocked, id=12360, stack(0x000000002d4f0000,0x000000002d5f0000)]
  0x000000001c6bd000 JavaThread "pool-2-thread-1" [_thread_blocked, id=7580, stack(0x0000000021200000,0x0000000021300000)]
  0x000000001c6bd800 JavaThread "File lock request listener" [_thread_in_native, id=15812, stack(0x0000000021100000,0x0000000021200000)]
  0x000000001c2ea800 JavaThread "Incoming local TCP Connector on port 52902" [_thread_in_native, id=15924, stack(0x000000001cd90000,0x000000001ce90000)]
  0x000000001bb63800 JavaThread "pool-1-thread-1" [_thread_blocked, id=4180, stack(0x000000001ca90000,0x000000001cb90000)]
  0x000000001a7cf800 JavaThread "Service Thread" daemon [_thread_blocked, id=15860, stack(0x000000001b0c0000,0x000000001b1c0000)]
  0x000000001a749800 JavaThread "C1 CompilerThread3" daemon [_thread_blocked, id=2616, stack(0x000000001afc0000,0x000000001b0c0000)]
  0x000000001a746800 JavaThread "C2 CompilerThread2" daemon [_thread_blocked, id=14584, stack(0x000000001aec0000,0x000000001afc0000)]
  0x000000001a744000 JavaThread "C2 CompilerThread1" daemon [_thread_blocked, id=7288, stack(0x000000001adc0000,0x000000001aec0000)]
  0x000000001a742800 JavaThread "C2 CompilerThread0" daemon [_thread_blocked, id=13004, stack(0x000000001acc0000,0x000000001adc0000)]
  0x000000001a6f7800 JavaThread "Attach Listener" daemon [_thread_blocked, id=14872, stack(0x000000001abc0000,0x000000001acc0000)]
  0x000000001a6f6800 JavaThread "Signal Dispatcher" daemon [_thread_blocked, id=3004, stack(0x000000001aac0000,0x000000001abc0000)]
  0x00000000186cc000 JavaThread "Finalizer" daemon [_thread_blocked, id=13224, stack(0x000000001a5c0000,0x000000001a6c0000)]
  0x0000000003582800 JavaThread "Reference Handler" daemon [_thread_blocked, id=14960, stack(0x000000001a4c0000,0x000000001a5c0000)]
  0x0000000003490800 JavaThread "main" [_thread_blocked, id=4576, stack(0x0000000003030000,0x0000000003130000)]

Other Threads:
  0x00000000186c7800 VMThread [stack: 0x000000001a3c0000,0x000000001a4c0000] [id=10000]
  0x000000001a7d1800 WatcherThread [stack: 0x000000001b1c0000,0x000000001b2c0000] [id=6528]

VM state:not at safepoint (normal execution)

VM Mutex/Monitor currently owned by a thread: None

Heap:
 PSYoungGen      total 626688K, used 125169K [0x00000000d5580000, 0x00000000ff680000, 0x0000000100000000)
  eden space 560640K, 19% used [0x00000000d5580000,0x00000000dc296360,0x00000000f7900000)
  from space 66048K, 20% used [0x00000000f7900000,0x00000000f8626220,0x00000000fb980000)
  to   space 60928K, 0% used [0x00000000fbb00000,0x00000000fbb00000,0x00000000ff680000)
 ParOldGen       total 454144K, used 218752K [0x0000000080000000, 0x000000009bb80000, 0x00000000d5580000)
  object space 454144K, 48% used [0x0000000080000000,0x000000008d5a0020,0x000000009bb80000)
 Metaspace       used 75369K, capacity 78672K, committed 78976K, reserved 1118208K
  class space    used 9837K, capacity 10500K, committed 10624K, reserved 1048576K

Card table byte_map: [0x0000000012a20000,0x0000000012e30000] byte_map_base: 0x0000000012620000

Marking Bits: (ParMarkBitMap*) 0x0000000071a6b460
 Begin Bits: [0x00000000138e0000, 0x00000000158e0000)
 End Bits:   [0x00000000158e0000, 0x00000000178e0000)

Polling page: 0x0000000001450000

CodeCache: size=245760Kb used=25383Kb max_used=25682Kb free=220376Kb
 bounds [0x0000000003660000, 0x0000000004f90000, 0x0000000012660000]
 total_blobs=8805 nmethods=8011 adapters=705
 compilation: enabled

Compilation events (10 events):
Event: 3284.722 Thread 0x000000001a749800 nmethod 18783 0x000000000489ff10 code [0x00000000048a0060, 0x00000000048a0170]
Event: 3284.723 Thread 0x000000001a746800 nmethod 18784 0x000000000489cf50 code [0x000000000489d0a0, 0x000000000489d148]
Event: 3284.724 Thread 0x000000001a742800 18785       4       org.objectweb.asm.Type::a (87 bytes)
Event: 3284.724 Thread 0x000000001a746800 18786       4       org.objectweb.asm.ByteVector::putByteArray (49 bytes)
Event: 3284.724 Thread 0x000000001a749800 18787       3       org.gradle.api.internal.project.taskfactory.DefaultTaskClassValidatorExtractor$DefaultTaskPropertyActionContext::addAnnotations (82 bytes)
Event: 3284.725 Thread 0x000000001a749800 nmethod 18787 0x000000000489ef10 code [0x000000000489f120, 0x000000000489fba8]
Event: 3284.725 Thread 0x000000001a746800 nmethod 18786 0x000000000489d590 code [0x000000000489d6e0, 0x000000000489d888]
Event: 3284.726 Thread 0x000000001a746800 18788       4       groovy.lang.MetaClassImpl::checkIfGroovyObjectMethod (57 bytes)
Event: 3284.726 Thread 0x000000001a746800 nmethod 18788 0x000000000489d250 code [0x000000000489d3a0, 0x000000000489d478]
Event: 3284.726 Thread 0x000000001a746800 18791 %     4       groovy.lang.MetaClassImpl$MethodIndexAction::iterate @ 76 (119 bytes)

GC Heap History (10 events):
Event: 17.627 GC heap before
{Heap before GC invocations=19 (full 4):
 PSYoungGen      total 571904K, used 497774K [0x00000000d5580000, 0x00000000fd480000, 0x0000000100000000)
  eden space 498176K, 99% used [0x00000000d5580000,0x00000000f3b6bbf8,0x00000000f3c00000)
  from space 73728K, 0% used [0x00000000f8380000,0x00000000f83b0000,0x00000000fcb80000)
  to   space 73216K, 0% used [0x00000000f3c00000,0x00000000f3c00000,0x00000000f8380000)
 ParOldGen       total 454144K, used 218680K [0x0000000080000000, 0x000000009bb80000, 0x00000000d5580000)
  object space 454144K, 48% used [0x0000000080000000,0x000000008d58e020,0x000000009bb80000)
 Metaspace       used 66304K, capacity 69132K, committed 69248K, reserved 1110016K
  class space    used 8730K, capacity 9319K, committed 9344K, reserved 1048576K
Event: 17.630 GC heap after
Heap after GC invocations=19 (full 4):
 PSYoungGen      total 571392K, used 256K [0x00000000d5580000, 0x00000000ffd80000, 0x0000000100000000)
  eden space 498176K, 0% used [0x00000000d5580000,0x00000000d5580000,0x00000000f3c00000)
  from space 73216K, 0% used [0x00000000f3c00000,0x00000000f3c40000,0x00000000f8380000)
  to   space 72192K, 0% used [0x00000000fb700000,0x00000000fb700000,0x00000000ffd80000)
 ParOldGen       total 454144K, used 218680K [0x0000000080000000, 0x000000009bb80000, 0x00000000d5580000)
  object space 454144K, 48% used [0x0000000080000000,0x000000008d58e020,0x000000009bb80000)
 Metaspace       used 66304K, capacity 69132K, committed 69248K, reserved 1110016K
  class space    used 8730K, capacity 9319K, committed 9344K, reserved 1048576K
}
Event: 17.692 GC heap before
{Heap before GC invocations=20 (full 4):
 PSYoungGen      total 571392K, used 497982K [0x00000000d5580000, 0x00000000ffd80000, 0x0000000100000000)
  eden space 498176K, 99% used [0x00000000d5580000,0x00000000f3b8fb60,0x00000000f3c00000)
  from space 73216K, 0% used [0x00000000f3c00000,0x00000000f3c40000,0x00000000f8380000)
  to   space 72192K, 0% used [0x00000000fb700000,0x00000000fb700000,0x00000000ffd80000)
 ParOldGen       total 454144K, used 218680K [0x0000000080000000, 0x000000009bb80000, 0x00000000d5580000)
  object space 454144K, 48% used [0x0000000080000000,0x000000008d58e020,0x000000009bb80000)
 Metaspace       used 66304K, capacity 69132K, committed 69248K, reserved 1110016K
  class space    used 8730K, capacity 9319K, committed 9344K, reserved 1048576K
Event: 17.695 GC heap after
Heap after GC invocations=20 (full 4):
 PSYoungGen      total 623104K, used 192K [0x00000000d5580000, 0x00000000ffb00000, 0x0000000100000000)
  eden space 553472K, 0% used [0x00000000d5580000,0x00000000d5580000,0x00000000f7200000)
  from space 69632K, 0% used [0x00000000fb700000,0x00000000fb730000,0x00000000ffb00000)
  to   space 70144K, 0% used [0x00000000f7200000,0x00000000f7200000,0x00000000fb680000)
 ParOldGen       total 454144K, used 218680K [0x0000000080000000, 0x000000009bb80000, 0x00000000d5580000)
  object space 454144K, 48% used [0x0000000080000000,0x000000008d58e020,0x000000009bb80000)
 Metaspace       used 66304K, capacity 69132K, committed 69248K, reserved 1110016K
  class space    used 8730K, capacity 9319K, committed 9344K, reserved 1048576K
}
Event: 17.776 GC heap before
{Heap before GC invocations=21 (full 4):
 PSYoungGen      total 623104K, used 553093K [0x00000000d5580000, 0x00000000ffb00000, 0x0000000100000000)
  eden space 553472K, 99% used [0x00000000d5580000,0x00000000f7171598,0x00000000f7200000)
  from space 69632K, 0% used [0x00000000fb700000,0x00000000fb730000,0x00000000ffb00000)
  to   space 70144K, 0% used [0x00000000f7200000,0x00000000f7200000,0x00000000fb680000)
 ParOldGen       total 454144K, used 218680K [0x0000000080000000, 0x000000009bb80000, 0x00000000d5580000)
  object space 454144K, 48% used [0x0000000080000000,0x000000008d58e020,0x000000009bb80000)
 Metaspace       used 66304K, capacity 69132K, committed 69248K, reserved 1110016K
  class space    used 8730K, capacity 9319K, committed 9344K, reserved 1048576K
Event: 17.779 GC heap after
Heap after GC invocations=21 (full 4):
 PSYoungGen      total 623616K, used 256K [0x00000000d5580000, 0x00000000ffc80000, 0x0000000100000000)
  eden space 553472K, 0% used [0x00000000d5580000,0x00000000d5580000,0x00000000f7200000)
  from space 70144K, 0% used [0x00000000f7200000,0x00000000f7240000,0x00000000fb680000)
  to   space 68096K, 0% used [0x00000000fba00000,0x00000000fba00000,0x00000000ffc80000)
 ParOldGen       total 454144K, used 218680K [0x0000000080000000, 0x000000009bb80000, 0x00000000d5580000)
  object space 454144K, 48% used [0x0000000080000000,0x000000008d58e020,0x000000009bb80000)
 Metaspace       used 66304K, capacity 69132K, committed 69248K, reserved 1110016K
  class space    used 8730K, capacity 9319K, committed 9344K, reserved 1048576K
}
Event: 17.849 GC heap before
{Heap before GC invocations=22 (full 4):
 PSYoungGen      total 623616K, used 553728K [0x00000000d5580000, 0x00000000ffc80000, 0x0000000100000000)
  eden space 553472K, 100% used [0x00000000d5580000,0x00000000f7200000,0x00000000f7200000)
  from space 70144K, 0% used [0x00000000f7200000,0x00000000f7240000,0x00000000fb680000)
  to   space 68096K, 0% used [0x00000000fba00000,0x00000000fba00000,0x00000000ffc80000)
 ParOldGen       total 454144K, used 218680K [0x0000000080000000, 0x000000009bb80000, 0x00000000d5580000)
  object space 454144K, 48% used [0x0000000080000000,0x000000008d58e020,0x000000009bb80000)
 Metaspace       used 66304K, capacity 69132K, committed 69248K, reserved 1110016K
  class space    used 8730K, capacity 9319K, committed 9344K, reserved 1048576K
Event: 17.852 GC heap after
Heap after GC invocations=22 (full 4):
 PSYoungGen      total 626176K, used 352K [0x00000000d5580000, 0x00000000ffa00000, 0x0000000100000000)
  eden space 560640K, 0% used [0x00000000d5580000,0x00000000d5580000,0x00000000f7900000)
  from space 65536K, 0% used [0x00000000fba00000,0x00000000fba58000,0x00000000ffa00000)
  to   space 66048K, 0% used [0x00000000f7900000,0x00000000f7900000,0x00000000fb980000)
 ParOldGen       total 454144K, used 218680K [0x0000000080000000, 0x000000009bb80000, 0x00000000d5580000)
  object space 454144K, 48% used [0x0000000080000000,0x000000008d58e020,0x000000009bb80000)
 Metaspace       used 66304K, capacity 69132K, committed 69248K, reserved 1110016K
  class space    used 8730K, capacity 9319K, committed 9344K, reserved 1048576K
}
Event: 3284.052 GC heap before
{Heap before GC invocations=23 (full 4):
 PSYoungGen      total 626176K, used 560992K [0x00000000d5580000, 0x00000000ffa00000, 0x0000000100000000)
  eden space 560640K, 100% used [0x00000000d5580000,0x00000000f7900000,0x00000000f7900000)
  from space 65536K, 0% used [0x00000000fba00000,0x00000000fba58000,0x00000000ffa00000)
  to   space 66048K, 0% used [0x00000000f7900000,0x00000000f7900000,0x00000000fb980000)
 ParOldGen       total 454144K, used 218680K [0x0000000080000000, 0x000000009bb80000, 0x00000000d5580000)
  object space 454144K, 48% used [0x0000000080000000,0x000000008d58e020,0x000000009bb80000)
 Metaspace       used 73531K, capacity 76748K, committed 76800K, reserved 1116160K
  class space    used 9587K, capacity 10218K, committed 10240K, reserved 1048576K
Event: 3284.065 GC heap after
Heap after GC invocations=23 (full 4):
 PSYoungGen      total 626688K, used 13464K [0x00000000d5580000, 0x00000000ff680000, 0x0000000100000000)
  eden space 560640K, 0% used [0x00000000d5580000,0x00000000d5580000,0x00000000f7900000)
  from space 66048K, 20% used [0x00000000f7900000,0x00000000f8626220,0x00000000fb980000)
  to   space 60928K, 0% used [0x00000000fbb00000,0x00000000fbb00000,0x00000000ff680000)
 ParOldGen       total 454144K, used 218752K [0x0000000080000000, 0x000000009bb80000, 0x00000000d5580000)
  object space 454144K, 48% used [0x0000000080000000,0x000000008d5a0020,0x000000009bb80000)
 Metaspace       used 73531K, capacity 76748K, committed 76800K, reserved 1116160K
  class space    used 9587K, capacity 10218K, committed 10240K, reserved 1048576K
}

Deoptimization events (10 events):
Event: 3283.698 Thread 0x000000001e47e000 Uncommon trap: reason=class_check action=maybe_recompile pc=0x0000000003ffec70 method=com.google.common.cache.LocalCache$Segment.copyEntry(Lcom/google/common/cache/LocalCache$ReferenceEntry;Lcom/google/common/cache/LocalCache$ReferenceEntry;)Lcom/google/coÙ∫™èeß©@
Event: 3283.698 Thread 0x000000001e47e000 Uncommon trap: reason=class_check action=maybe_recompile pc=0x0000000003ffec70 method=com.google.common.cache.LocalCache$Segment.copyEntry(Lcom/google/common/cache/LocalCache$ReferenceEntry;Lcom/google/common/cache/LocalCache$ReferenceEntry;)Lcom/google/co"À√»€ß©@
Event: 3283.929 Thread 0x000000001e47e000 Uncommon trap: reason=class_check action=maybe_recompile pc=0x0000000003ffec70 method=com.google.common.cache.LocalCache$Segment.copyEntry(Lcom/google/common/cache/LocalCache$ReferenceEntry;Lcom/google/common/cache/LocalCache$ReferenceEntry;)Lcom/google/co
Event: 3283.929 Thread 0x000000001e47e000 Uncommon trap: reason=class_check action=maybe_recompile pc=0x0000000003ffec70 method=com.google.common.cache.LocalCache$Segment.copyEntry(Lcom/google/common/cache/LocalCache$ReferenceEntry;Lcom/google/common/cache/LocalCache$ReferenceEntry;)Lcom/google/co∞≤…v9®©@
Event: 3284.112 Thread 0x000000001e47e000 Uncommon trap: reason=bimorphic action=maybe_recompile pc=0x0000000004405e50 method=java.util.Collections$UnmodifiableCollection.size()I @ 4
Event: 3284.112 Thread 0x000000001e47e000 Uncommon trap: reason=bimorphic action=maybe_recompile pc=0x0000000004405e50 method=java.util.Collections$UnmodifiableCollection.size()I @ 4
Event: 3284.112 Thread 0x000000001e47e000 Uncommon trap: reason=bimorphic action=maybe_recompile pc=0x0000000004405e50 method=java.util.Collections$UnmodifiableCollection.size()I @ 4
Event: 3284.114 Thread 0x000000001e47e000 Uncommon trap: reason=predicate action=maybe_recompile pc=0x0000000003e79634 method=java.lang.Class.annotationData()Ljava/lang/Class$AnnotationData; @ 0
Event: 3284.642 Thread 0x000000001e47e000 Uncommon trap: reason=unreached action=reinterpret pc=0x0000000003a68838 method=com.google.common.cache.LocalCache$AccessQueue.peek()Lcom/google/common/cache/LocalCache$ReferenceEntry; @ 15
Event: 3284.656 Thread 0x000000001e47e000 Uncommon trap: reason=unreached action=reinterpret pc=0x0000000004a00edc method=com.google.common.cache.LocalCache$AccessQueue.peek()Lcom/google/common/cache/LocalCache$ReferenceEntry; @ 15

Internal exceptions (10 events):
Event: 3284.727 Thread 0x000000001e47e000 Exception <a 'java/security/PrivilegedActionException'> (0x00000000dc0bc680) thrown at [D:\re\workspace\8-2-build-windows-amd64-cygwin\jdk8u20\1074\hotspot\src\share\vm\prims\jvm.cpp, line 1275]
Event: 3284.727 Thread 0x000000001e47e000 Exception <a 'java/security/PrivilegedActionException'> (0x00000000dc0bddc0) thrown at [D:\re\workspace\8-2-build-windows-amd64-cygwin\jdk8u20\1074\hotspot\src\share\vm\prims\jvm.cpp, line 1275]
Event: 3284.727 Thread 0x000000001e47e000 Exception <a 'java/security/PrivilegedActionException'> (0x00000000dc0bf368) thrown at [D:\re\workspace\8-2-build-windows-amd64-cygwin\jdk8u20\1074\hotspot\src\share\vm\prims\jvm.cpp, line 1275]
Event: 3284.727 Thread 0x000000001e47e000 Exception <a 'java/security/PrivilegedActionException'> (0x00000000dc0c8168) thrown at [D:\re\workspace\8-2-build-windows-amd64-cygwin\jdk8u20\1074\hotspot\src\share\vm\prims\jvm.cpp, line 1275]
Event: 3284.727 Thread 0x000000001e47e000 Exception <a 'java/lang/ClassNotFoundException': com/android/build/gradle/internal/tasks/MockableAndroidJarTaskCustomizer> (0x00000000dc0c8a18) thrown at [D:\re\workspace\8-2-build-windows-amd64-cygwin\jdk8u20\1074\hotspot\src\share\vm\classfile\systemDictn“Ot©©@
Event: 3284.727 Thread 0x000000001e47e000 Exception <a 'java/security/PrivilegedActionException'> (0x00000000dc0eb070) thrown at [D:\re\workspace\8-2-build-windows-amd64-cygwin\jdk8u20\1074\hotspot\src\share\vm\prims\jvm.cpp, line 1275]
Event: 3284.727 Thread 0x000000001e47e000 Exception <a 'java/security/PrivilegedActionException'> (0x00000000dc0ec880) thrown at [D:\re\workspace\8-2-build-windows-amd64-cygwin\jdk8u20\1074\hotspot\src\share\vm\prims\jvm.cpp, line 1275]
Event: 3284.727 Thread 0x000000001e47e000 Exception <a 'java/security/PrivilegedActionException'> (0x00000000dc0edeb0) thrown at [D:\re\workspace\8-2-build-windows-amd64-cygwin\jdk8u20\1074\hotspot\src\share\vm\prims\jvm.cpp, line 1275]
Event: 3284.727 Thread 0x000000001e47e000 Exception <a 'java/security/PrivilegedActionException'> (0x00000000dc0f7818) thrown at [D:\re\workspace\8-2-build-windows-amd64-cygwin\jdk8u20\1074\hotspot\src\share\vm\prims\jvm.cpp, line 1275]
Event: 3284.727 Thread 0x000000001e47e000 Exception <a 'java/lang/ClassNotFoundException': com/android/build/gradle/internal/tasks/MockableAndroidJarTask_DecoratedCustomizer> (0x00000000dc0f80e0) thrown at [D:\re\workspace\8-2-build-windows-amd64-cygwin\jdk8u20\1074\hotspot\src\share\vm\classfile\

Events (10 events):
Event: 3284.727 loading class com/android/build/gradle/internal/tasks/MockableAndroidJarTaskCustomizer
Event: 3284.727 loading class com/android/build/gradle/internal/tasks/MockableAndroidJarTaskCustomizer done
Event: 3284.727 loading class com/android/build/gradle/internal/tasks/MockableAndroidJarTask_DecoratedCustomizer
Event: 3284.727 loading class com/android/build/gradle/internal/tasks/MockableAndroidJarTask_DecoratedCustomizer done
Event: 3284.727 loading class com/android/build/gradle/internal/tasks/MockableAndroidJarTask_DecoratedCustomizer
Event: 3284.727 loading class com/android/build/gradle/internal/tasks/MockableAndroidJarTask_DecoratedCustomizer done
Event: 3284.728 loading class org/gradle/api/Task
Event: 3284.728 loading class org/gradle/api/Task done
Event: 3284.728 loading class org/gradle/api/Action
Event: 3284.728 loading class org/gradle/api/Action done


Dynamic libraries:
0x00007ff74f5b0000 - 0x00007ff74f5e4000 	E:\developer\java\jdk\bin\java.exe
0x00007ff9bf990000 - 0x00007ff9bfb61000 	C:\WINDOWS\SYSTEM32\ntdll.dll
0x00007ff9bf560000 - 0x00007ff9bf60b000 	C:\WINDOWS\System32\KERNEL32.DLL
0x00007ff9bc950000 - 0x00007ff9bcb6d000 	C:\WINDOWS\System32\KERNELBASE.dll
0x00007ff9bf240000 - 0x00007ff9bf2e2000 	C:\WINDOWS\System32\ADVAPI32.dll
0x00007ff9bf1a0000 - 0x00007ff9bf23e000 	C:\WINDOWS\System32\msvcrt.dll
0x00007ff9be670000 - 0x00007ff9be6c9000 	C:\WINDOWS\System32\sechost.dll
0x00007ff9bf2f0000 - 0x00007ff9bf411000 	C:\WINDOWS\System32\RPCRT4.dll
0x00007ff9bcf40000 - 0x00007ff9bd0a5000 	C:\WINDOWS\System32\USER32.dll
0x00007ff9bbf20000 - 0x00007ff9bbf3e000 	C:\WINDOWS\System32\win32u.dll
0x00007ff9beb00000 - 0x00007ff9beb34000 	C:\WINDOWS\System32\GDI32.dll
0x00007ff9bcc70000 - 0x00007ff9bcdf2000 	C:\WINDOWS\System32\gdi32full.dll
0x00007ff9ae3e0000 - 0x00007ff9ae65a000 	C:\WINDOWS\WinSxS\amd64_microsoft.windows.common-controls_6595b64144ccf1df_6.0.14393.953_none_42151e83c686086b\COMCTL32.dll
0x00007ff9be7d0000 - 0x00007ff9bea98000 	C:\WINDOWS\System32\combase.dll
0x00007ff9bcb70000 - 0x00007ff9bcc65000 	C:\WINDOWS\System32\ucrtbase.dll
0x00007ff9bce00000 - 0x00007ff9bce6a000 	C:\WINDOWS\System32\bcryptPrimitives.dll
0x00007ff9bf950000 - 0x00007ff9bf97e000 	C:\WINDOWS\System32\IMM32.DLL
0x0000000071af0000 - 0x0000000071bc2000 	E:\developer\java\jdk\jre\bin\msvcr100.dll
0x0000000071290000 - 0x0000000071ae8000 	E:\developer\java\jdk\jre\bin\server\jvm.dll
0x00007ff9bf940000 - 0x00007ff9bf948000 	C:\WINDOWS\System32\PSAPI.DLL
0x00007ff9ab0d0000 - 0x00007ff9ab0d9000 	C:\WINDOWS\SYSTEM32\WSOCK32.dll
0x00007ff9b9d40000 - 0x00007ff9b9d63000 	C:\WINDOWS\SYSTEM32\WINMM.dll
0x00007ff9bf730000 - 0x00007ff9bf79a000 	C:\WINDOWS\System32\WS2_32.dll
0x00007ff9b9cd0000 - 0x00007ff9b9cfb000 	C:\WINDOWS\SYSTEM32\WINMMBASE.dll
0x00007ff9bced0000 - 0x00007ff9bcf12000 	C:\WINDOWS\System32\cfgmgr32.dll
0x0000000072b60000 - 0x0000000072b6f000 	E:\developer\java\jdk\jre\bin\verify.dll
0x0000000072b30000 - 0x0000000072b58000 	E:\developer\java\jdk\jre\bin\java.dll
0x0000000072b10000 - 0x0000000072b26000 	E:\developer\java\jdk\jre\bin\zip.dll
0x00007ff9bd0b0000 - 0x00007ff9be5b8000 	C:\WINDOWS\System32\SHELL32.dll
0x00007ff9bbf40000 - 0x00007ff9bc61a000 	C:\WINDOWS\System32\windows.storage.dll
0x00007ff9bbe20000 - 0x00007ff9bbe6c000 	C:\WINDOWS\System32\powrprof.dll
0x00007ff9beaa0000 - 0x00007ff9beaf2000 	C:\WINDOWS\System32\shlwapi.dll
0x00007ff9bbe10000 - 0x00007ff9bbe1f000 	C:\WINDOWS\System32\kernel.appcore.dll
0x00007ff9bc6d0000 - 0x00007ff9bc779000 	C:\WINDOWS\System32\shcore.dll
0x00007ff9bbdf0000 - 0x00007ff9bbe04000 	C:\WINDOWS\System32\profapi.dll
0x0000000072af0000 - 0x0000000072b0a000 	E:\developer\java\jdk\jre\bin\net.dll
0x00007ff9bb720000 - 0x00007ff9bb77c000 	C:\WINDOWS\system32\mswsock.dll
0x0000000072ad0000 - 0x0000000072ae1000 	E:\developer\java\jdk\jre\bin\nio.dll
0x00007ff9b6290000 - 0x00007ff9b62ae000 	C:\Users\Phil\.gradle\native\23\windows-amd64\native-platform.dll
0x00007ff9bb8c0000 - 0x00007ff9bb8d7000 	C:\WINDOWS\SYSTEM32\CRYPTSP.dll
0x00007ff9bb320000 - 0x00007ff9bb353000 	C:\WINDOWS\system32\rsaenh.dll
0x00007ff9bb9d0000 - 0x00007ff9bb9fb000 	C:\WINDOWS\SYSTEM32\bcrypt.dll
0x00007ff9bb5a0000 - 0x00007ff9bb5bf000 	C:\WINDOWS\SYSTEM32\USERENV.dll
0x00007ff9bb8e0000 - 0x00007ff9bb8eb000 	C:\WINDOWS\SYSTEM32\CRYPTBASE.dll
0x00007ff9bb4a0000 - 0x00007ff9bb4d8000 	C:\WINDOWS\SYSTEM32\IPHLPAPI.DLL
0x00007ff9be5c0000 - 0x00007ff9be5c8000 	C:\WINDOWS\System32\NSI.dll
0x00007ff9b7150000 - 0x00007ff9b7166000 	C:\WINDOWS\SYSTEM32\dhcpcsvc6.DLL
0x00007ff9b75a0000 - 0x00007ff9b75ba000 	C:\WINDOWS\SYSTEM32\dhcpcsvc.DLL
0x0000000072ac0000 - 0x0000000072acd000 	E:\developer\java\jdk\jre\bin\management.dll
0x00007ff9ad6e0000 - 0x00007ff9ad706000 	C:\Program Files (x86)\Sangfor\SSL\ClientComponent\SangforNspX64.dll
0x00007ff9bf420000 - 0x00007ff9bf557000 	C:\WINDOWS\System32\ole32.dll
0x00007ff9bf670000 - 0x00007ff9bf72f000 	C:\WINDOWS\System32\OLEAUT32.dll
0x00007ff9bbe80000 - 0x00007ff9bbf1c000 	C:\WINDOWS\System32\msvcp_win.dll
0x00007ff99e7c0000 - 0x00007ff99e7d6000 	C:\WINDOWS\system32\napinsp.dll
0x00007ff99e7a0000 - 0x00007ff99e7ba000 	C:\WINDOWS\system32\pnrpnsp.dll
0x00007ff9b9fb0000 - 0x00007ff9b9fc8000 	C:\WINDOWS\system32\NLAapi.dll
0x00007ff9bb4e0000 - 0x00007ff9bb581000 	C:\WINDOWS\SYSTEM32\DNSAPI.dll
0x00007ff9a31b0000 - 0x00007ff9a31be000 	C:\WINDOWS\System32\winrnr.dll
0x00007ff99e750000 - 0x00007ff99e765000 	C:\WINDOWS\System32\wshbth.dll
0x00007ff9baa30000 - 0x00007ff9babaa000 	C:\Program Files (x86)\Sangfor\SSL\ClientComponent\SangforTcpX64.dll
0x00007ff9bce70000 - 0x00007ff9bcec5000 	C:\WINDOWS\System32\WINTRUST.dll
0x00007ff9bbe70000 - 0x00007ff9bbe80000 	C:\WINDOWS\System32\MSASN1.dll
0x00007ff9bc780000 - 0x00007ff9bc949000 	C:\WINDOWS\System32\CRYPT32.dll
0x00007ff9baa20000 - 0x00007ff9baa2a000 	C:\WINDOWS\SYSTEM32\VERSION.dll
0x00007ff9ad4d0000 - 0x00007ff9ad4da000 	C:\Windows\System32\rasadhlp.dll
0x00007ff9b5b60000 - 0x00007ff9b5bca000 	C:\WINDOWS\System32\fwpuclnt.dll
0x0000000072ab0000 - 0x0000000072ab9000 	E:\developer\java\jdk\jre\bin\attach.dll
0x0000000071260000 - 0x0000000071283000 	E:\developer\java\jdk\jre\bin\instrument.dll
0x0000000071230000 - 0x0000000071254000 	E:\developer\java\jdk\jre\bin\sunec.dll
0x0000000072aa0000 - 0x0000000072aab000 	E:\developer\java\jdk\jre\bin\sunmscapi.dll
0x00007ff9aa7f0000 - 0x00007ff9aa982000 	C:\WINDOWS\SYSTEM32\dbghelp.dll

VM Arguments:
jvm_args: -Xmx2048m -Dfile.encoding=GBK -Duser.country=CN -Duser.language=zh -Duser.variant 
java_command: org.gradle.launcher.daemon.bootstrap.GradleDaemon 3.3
java_class_path (initial): C:\Users\Phil\.gradle\wrapper\dists\gradle-3.3-all\55gk2rcmfc6p2dg9u9ohc3hw9\gradle-3.3\lib\gradle-launcher-3.3.jar
Launcher Type: SUN_STANDARD

Environment Variables:
JAVA_HOME=e:\developer\java\jdk
PATH=C:\Program Files (x86)\Intel\iCLS Client\;C:\Program Files\Intel\iCLS Client\;C:\Windows\system32;C:\Windows;C:\Windows\System32\Wbem;C:\Windows\System32\WindowsPowerShell\v1.0\;C:\Program Files (x86)\NVIDIA Corporation\PhysX\Common;C:\Program Files (x86)\Intel\Intel(R) Management Engine Components\DAL;C:\Program Files\Intel\Intel(R) Management Engine Components\DAL;C:\Program Files (x86)\Intel\Intel(R) Management Engine Components\IPT;C:\Program Files\Intel\Intel(R) Management Engine Components\IPT;E:\developer\git\Git\cmd;C:\WINDOWS\system32;C:\WINDOWS;C:\WINDOWS\System32\Wbem;C:\WINDOWS\System32\WindowsPowerShell\v1.0\;E:\developer\svn\bin;C:\Program Files\Intel\WiFi\bin\;C:\Program Files\Common Files\Intel\WirelessCommon\;C:\Users\Phil\AppData\Local\Microsoft\WindowsApps;
USERNAME=Phil
OS=Windows_NT
PROCESSOR_IDENTIFIER=Intel64 Family 6 Model 94 Stepping 3, GenuineIntel



---------------  S Y S T E M  ---------------

OS: Windows 8.1 , 64 bit Build 9600 

CPU:total 8 (4 cores per cpu, 2 threads per core) family 6 model 94 stepping 3, cmov, cx8, fxsr, mmx, sse, sse2, sse3, ssse3, sse4.1, sse4.2, popcnt, avx, avx2, aes, clmul, erms, rtm, lzcnt, ht, tsc, tscinvbit, bmi1, bmi2

Memory: 4k page, physical 16687908k(9202072k free), swap 19178276k(10524556k free)

vm_info: Java HotSpot(TM) 64-Bit Server VM (25.20-b23) for windows-amd64 JRE (1.8.0_20-b26), built on Jul 30 2014 13:51:23 by "java_re" with MS VC++ 10.0 (VS2010)

time: Tue Apr 25 12:05:57 2017
elapsed time: 3284 seconds (0d 0h 54m 44s)

