#
# A fatal error has been detected by the Java Runtime Environment:
#
#  EXCEPTION_ACCESS_VIOLATION (0xc0000005) at pc=0x0000000000000000, pid=9012, tid=15700
#
# JRE version: Java(TM) SE Runtime Environment (8.0_20-b26) (build 1.8.0_20-b26)
# Java VM: Java HotSpot(TM) 64-Bit Server VM (25.20-b23 mixed mode windows-amd64 compressed oops)
# Problematic frame:
# C  0x0000000000000000
#
# Failed to write core dump. Minidumps are not enabled by default on client versions of Windows
#
# If you would like to submit a bug report, please visit:
#   http://bugreport.sun.com/bugreport/crash.jsp
#

---------------  T H R E A D  ---------------

Current thread (0x000000001dbc1000):  JavaThread "Daemon worker Thread 3" [_thread_in_Java, id=15700, stack(0x000000002ac50000,0x000000002ad50000)]

siginfo: ExceptionCode=0xc0000005, ExceptionInformation=0x0000000000000008 0x0000000000000000

Registers:
RAX=0x00000000e5d38888, RBX=0x000000001ca844f0, RCX=0x00000000034a3a40, RDX=0x00000000e5d38888
RSP=0x000000002ad4c7d0, RBP=0x000000002846e1f8, RSI=0x0000000017c05918, RDI=0x0000000000003210
R8 =0x000000008057e390, R9 =0x00000000801e37f8, R10=0x00000000e5d38888, R11=0x0000000003616bc0
R12=0x0000000000000000, R13=0x000000002ad4c7c0, R14=0x0000000000000001, R15=0x000000001dbc1000
RIP=0x0000000000000000, EFLAGS=0x0000000000010246

Top of Stack: (sp=0x000000002ad4c7d0)
0x000000002ad4c7d0:   000000002ad4c7e8 000000002ad4c838
0x000000002ad4c7e0:   000000002ad4c810 000000000399b21c
0x000000002ad4c7f0:   000000000399b21c 00000000e5d38888
0x000000002ad4c800:   000000008056f6a8 000000000399b21c
0x000000002ad4c810:   000000002846fdd0 0000000000000000
0x000000002ad4c820:   000000002846f4d0 0000000000000000
0x000000002ad4c830:   000000002ad4c848 000000002ad4c898
0x000000002ad4c840:   000000002ad4c870 0000000003787bbc
0x000000002ad4c850:   0000000003787bbc 0000000003787bbc
0x000000002ad4c860:   00000000ee818e60 000000008056f6a8
0x000000002ad4c870:   000000002846d6f0 0000000000000000
0x000000002ad4c880:   000000002846d5b0 0000000000000000
0x000000002ad4c890:   000000002ad4c8a8 000000002ad4c8f8
0x000000002ad4c8a0:   00000000033a7a2d 00000000ee80b198
0x000000002ad4c8b0:   000000002ad4c8e0 0000000006644c14
0x000000002ad4c8c0:   0000000006644c14 00000000ee818e60 

Instructions: (pc=0x0000000000000000)
0xffffffffffffffe0:   


Register to memory mapping:

RAX=0x00000000e5d38888 is an oop
com.android.build.gradle.internal.TaskManager$$Lambda$461/1791265455 
 - klass: 'com/android/build/gradle/internal/TaskManager$$Lambda$461'
RBX={method} {0x000000001ca844f8} 'identity' '(Ljava/lang/Object;)Ljava/lang/Object;' in 'sun/invoke/util/ValueConversions'
RCX=0x00000000034a3a40 is at begin+12 in a stub
MethodHandle::interpreter_entry::_linkToStatic [0x00000000034a3a34, 0x00000000034a3a58[ (36 bytes)
RDX=0x00000000e5d38888 is an oop
com.android.build.gradle.internal.TaskManager$$Lambda$461/1791265455 
 - klass: 'com/android/build/gradle/internal/TaskManager$$Lambda$461'
RSP=0x000000002ad4c7d0 is pointing into the stack for thread: 0x000000001dbc1000
RBP={method} {0x000000002846e200} 'setOutputFile' '(Ljava/io/File;)V' in 'com/android/build/gradle/internal/tasks/MockableAndroidJarTask'
RSI={method} {0x0000000017c05920} 'invoke_L_L' '(Ljava/lang/invoke/MethodHandle;[Ljava/lang/Object;)Ljava/lang/Object;' in 'java/lang/invoke/LambdaForm$NamedFunction'
RDI=0x0000000000003210 is an unknown value
R8 =0x000000008057e390 is an oop
java.lang.invoke.MemberName 
 - klass: 'java/lang/invoke/MemberName'
R9 =0x00000000801e37f8 is an oop
java.lang.invoke.MemberName 
 - klass: 'java/lang/invoke/MemberName'
R10=0x00000000e5d38888 is an oop
com.android.build.gradle.internal.TaskManager$$Lambda$461/1791265455 
 - klass: 'com/android/build/gradle/internal/TaskManager$$Lambda$461'
R11=0x0000000003616bc0 is at entry_point+0 in (nmethod*)0x0000000003616a90
R12=0x0000000000000000 is an unknown value
R13=0x000000002ad4c7c0 is pointing into the stack for thread: 0x000000001dbc1000
R14=0x0000000000000001 is an unknown value
R15=0x000000001dbc1000 is a thread


Stack: [0x000000002ac50000,0x000000002ad50000],  sp=0x000000002ad4c7d0,  free space=1009k
Native frames: (J=compiled Java code, j=interpreted, Vv=VM code, C=native code)


---------------  P R O C E S S  ---------------

Java Threads: ( => current thread )
  0x000000001dbca800 JavaThread "Stdin handler" [_thread_blocked, id=16128, stack(0x000000002b350000,0x000000002b450000)]
  0x000000001dbc3000 JavaThread "Asynchronous log dispatcher for DefaultDaemonConnection: socket connection from /127.0.0.1:54528 to /127.0.0.1:62532" [_thread_blocked, id=500, stack(0x000000002b250000,0x000000002b350000)]
  0x000000001dbc8800 JavaThread "Cancel handler" [_thread_blocked, id=8616, stack(0x000000002b150000,0x000000002b250000)]
  0x000000001dbc4000 JavaThread "Handler for socket connection from /127.0.0.1:54528 to /127.0.0.1:62532" [_thread_in_native, id=2432, stack(0x000000002b050000,0x000000002b150000)]
  0x000000001dbc9000 JavaThread "pool-8-thread-1" [_thread_blocked, id=10492, stack(0x000000002af50000,0x000000002b050000)]
=>0x000000001dbc1000 JavaThread "Daemon worker Thread 3" [_thread_in_Java, id=15700, stack(0x000000002ac50000,0x000000002ad50000)]
  0x000000001dbc5800 JavaThread "Daemon Thread 3" [_thread_blocked, id=7024, stack(0x000000002a950000,0x000000002aa50000)]
  0x000000001fcce800 JavaThread "pool-6-thread-1" [_thread_blocked, id=3180, stack(0x0000000029680000,0x0000000029780000)]
  0x000000001fcca800 JavaThread "pool-2-thread-1" [_thread_blocked, id=14720, stack(0x000000001eb80000,0x000000001ec80000)]
  0x000000001c6c2000 JavaThread "File lock request listener" [_thread_in_native, id=1888, stack(0x000000001e880000,0x000000001e980000)]
  0x000000001bd7f000 JavaThread "Incoming local TCP Connector on port 54528" [_thread_in_native, id=7688, stack(0x000000001cac0000,0x000000001cbc0000)]
  0x000000001c037000 JavaThread "pool-1-thread-1" [_thread_blocked, id=8000, stack(0x000000001c7c0000,0x000000001c8c0000)]
  0x000000001a513000 JavaThread "Service Thread" daemon [_thread_blocked, id=5440, stack(0x000000001adf0000,0x000000001aef0000)]
  0x000000001a48a800 JavaThread "C1 CompilerThread3" daemon [_thread_blocked, id=15944, stack(0x000000001acf0000,0x000000001adf0000)]
  0x000000001a477800 JavaThread "C2 CompilerThread2" daemon [_thread_blocked, id=11052, stack(0x000000001abf0000,0x000000001acf0000)]
  0x000000001a475000 JavaThread "C2 CompilerThread1" daemon [_thread_blocked, id=8904, stack(0x000000001aaf0000,0x000000001abf0000)]
  0x000000001a472800 JavaThread "C2 CompilerThread0" daemon [_thread_blocked, id=3760, stack(0x000000001a9f0000,0x000000001aaf0000)]
  0x000000001a427000 JavaThread "Attach Listener" daemon [_thread_blocked, id=10744, stack(0x000000001a8f0000,0x000000001a9f0000)]
  0x000000001a426000 JavaThread "Signal Dispatcher" daemon [_thread_blocked, id=9760, stack(0x000000001a7f0000,0x000000001a8f0000)]
  0x000000001840c000 JavaThread "Finalizer" daemon [_thread_blocked, id=12980, stack(0x000000001a2f0000,0x000000001a3f0000)]
  0x0000000003393800 JavaThread "Reference Handler" daemon [_thread_blocked, id=14296, stack(0x000000001a1f0000,0x000000001a2f0000)]
  0x00000000032a0800 JavaThread "main" [_thread_blocked, id=8352, stack(0x00000000031a0000,0x00000000032a0000)]

Other Threads:
  0x0000000018407800 VMThread [stack: 0x000000001a0f0000,0x000000001a1f0000] [id=10556]
  0x000000001a515000 WatcherThread [stack: 0x000000001aef0000,0x000000001aff0000] [id=10204]

VM state:not at safepoint (normal execution)

VM Mutex/Monitor currently owned by a thread: None

Heap:
 PSYoungGen      total 558080K, used 486443K [0x00000000d5580000, 0x0000000100000000, 0x0000000100000000)
  eden space 458240K, 90% used [0x00000000d5580000,0x00000000ee8c8788,0x00000000f1500000)
  from space 99840K, 73% used [0x00000000f9e80000,0x00000000fe642780,0x0000000100000000)
  to   space 120320K, 0% used [0x00000000f1500000,0x00000000f1500000,0x00000000f8a80000)
 ParOldGen       total 454656K, used 240450K [0x0000000080000000, 0x000000009bc00000, 0x00000000d5580000)
  object space 454656K, 52% used [0x0000000080000000,0x000000008ead0920,0x000000009bc00000)
 Metaspace       used 88326K, capacity 94396K, committed 94680K, reserved 1130496K
  class space    used 11700K, capacity 12772K, committed 12800K, reserved 1048576K

Card table byte_map: [0x0000000012760000,0x0000000012b70000] byte_map_base: 0x0000000012360000

Marking Bits: (ParMarkBitMap*) 0x0000000071a6b460
 Begin Bits: [0x0000000013620000, 0x0000000015620000)
 End Bits:   [0x0000000015620000, 0x0000000017620000)

Polling page: 0x0000000002d30000

CodeCache: size=245760Kb used=27626Kb max_used=54237Kb free=218133Kb
 bounds [0x00000000033a0000, 0x0000000006990000, 0x00000000123a0000]
 total_blobs=9683 nmethods=8892 adapters=702
 compilation: enabled

Compilation events (10 events):
Event: 948.160 Thread 0x000000001a48a800 nmethod 29613 0x0000000005c1c7d0 code [0x0000000005c1c960, 0x0000000005c1cd48]
Event: 948.160 Thread 0x000000001a48a800 29609       3       java.util.Spliterators$IteratorSpliterator::<init> (39 bytes)
Event: 948.160 Thread 0x000000001a48a800 nmethod 29609 0x0000000005c1c350 code [0x0000000005c1c4c0, 0x0000000005c1c710]
Event: 948.160 Thread 0x000000001a48a800 29605       3       com.google.common.collect.ImmutableList::<init> (5 bytes)
Event: 948.160 Thread 0x000000001a48a800 nmethod 29605 0x0000000005c21550 code [0x0000000005c216c0, 0x0000000005c21930]
Event: 948.160 Thread 0x000000001a48a800 29606       3       com.android.builder.dependency.level2.Dependency::getAddress (19 bytes)
Event: 948.160 Thread 0x000000001a48a800 nmethod 29606 0x0000000005c211d0 code [0x0000000005c21320, 0x0000000005c214d0]
Event: 948.160 Thread 0x000000001a48a800 29611       3       com.google.common.base.Preconditions::checkNotNull (18 bytes)
Event: 948.160 Thread 0x000000001a48a800 nmethod 29611 0x0000000005c20b50 code [0x0000000005c20ce0, 0x0000000005c21078]
Event: 948.171 Thread 0x000000001a472800 nmethod 29597 0x0000000005c0d250 code [0x0000000005c0d4a0, 0x0000000005c0e438]

GC Heap History (10 events):
Event: 574.604 GC heap before
{Heap before GC invocations=18 (full 4):
 PSYoungGen      total 498176K, used 452585K [0x00000000d5580000, 0x00000000fca00000, 0x0000000100000000)
  eden space 452096K, 100% used [0x00000000d5580000,0x00000000f0f00000,0x00000000f0f00000)
  from space 46080K, 1% used [0x00000000f2080000,0x00000000f20fa4b8,0x00000000f4d80000)
  to   space 95744K, 0% used [0x00000000f6c80000,0x00000000f6c80000,0x00000000fca00000)
 ParOldGen       total 454656K, used 210146K [0x0000000080000000, 0x000000009bc00000, 0x00000000d5580000)
  object space 454656K, 46% used [0x0000000080000000,0x000000008cd38880,0x000000009bc00000)
 Metaspace       used 71657K, capacity 76498K, committed 76760K, reserved 1116160K
  class space    used 9521K, capacity 10418K, committed 10496K, reserved 1048576K
Event: 574.649 GC heap after
Heap after GC invocations=18 (full 4):
 PSYoungGen      total 552960K, used 36245K [0x00000000d5580000, 0x0000000100000000, 0x0000000100000000)
  eden space 457216K, 0% used [0x00000000d5580000,0x00000000d5580000,0x00000000f1400000)
  from space 95744K, 37% used [0x00000000f6c80000,0x00000000f8fe5778,0x00000000fca00000)
  to   space 90624K, 0% used [0x00000000f1400000,0x00000000f1400000,0x00000000f6c80000)
 ParOldGen       total 454656K, used 210170K [0x0000000080000000, 0x000000009bc00000, 0x00000000d5580000)
  object space 454656K, 46% used [0x0000000080000000,0x000000008cd3e880,0x000000009bc00000)
 Metaspace       used 71657K, capacity 76498K, committed 76760K, reserved 1116160K
  class space    used 9521K, capacity 10418K, committed 10496K, reserved 1048576K
}
Event: 590.874 GC heap before
{Heap before GC invocations=19 (full 4):
 PSYoungGen      total 552960K, used 493461K [0x00000000d5580000, 0x0000000100000000, 0x0000000100000000)
  eden space 457216K, 100% used [0x00000000d5580000,0x00000000f1400000,0x00000000f1400000)
  from space 95744K, 37% used [0x00000000f6c80000,0x00000000f8fe5778,0x00000000fca00000)
  to   space 90624K, 0% used [0x00000000f1400000,0x00000000f1400000,0x00000000f6c80000)
 ParOldGen       total 454656K, used 210170K [0x0000000080000000, 0x000000009bc00000, 0x00000000d5580000)
  object space 454656K, 46% used [0x0000000080000000,0x000000008cd3e880,0x000000009bc00000)
 Metaspace       used 71729K, capacity 76562K, committed 76760K, reserved 1116160K
  class space    used 9522K, capacity 10418K, committed 10496K, reserved 1048576K
Event: 590.912 GC heap after
Heap after GC invocations=19 (full 4):
 PSYoungGen      total 547840K, used 54413K [0x00000000d5580000, 0x00000000ffe00000, 0x0000000100000000)
  eden space 457216K, 0% used [0x00000000d5580000,0x00000000d5580000,0x00000000f1400000)
  from space 90624K, 60% used [0x00000000f1400000,0x00000000f4923430,0x00000000f6c80000)
  to   space 92160K, 0% used [0x00000000fa400000,0x00000000fa400000,0x00000000ffe00000)
 ParOldGen       total 454656K, used 210178K [0x0000000080000000, 0x000000009bc00000, 0x00000000d5580000)
  object space 454656K, 46% used [0x0000000080000000,0x000000008cd40880,0x000000009bc00000)
 Metaspace       used 71729K, capacity 76562K, committed 76760K, reserved 1116160K
  class space    used 9522K, capacity 10418K, committed 10496K, reserved 1048576K
}
Event: 606.608 GC heap before
{Heap before GC invocations=20 (full 4):
 PSYoungGen      total 547840K, used 511629K [0x00000000d5580000, 0x00000000ffe00000, 0x0000000100000000)
  eden space 457216K, 100% used [0x00000000d5580000,0x00000000f1400000,0x00000000f1400000)
  from space 90624K, 60% used [0x00000000f1400000,0x00000000f4923430,0x00000000f6c80000)
  to   space 92160K, 0% used [0x00000000fa400000,0x00000000fa400000,0x00000000ffe00000)
 ParOldGen       total 454656K, used 210178K [0x0000000080000000, 0x000000009bc00000, 0x00000000d5580000)
  object space 454656K, 46% used [0x0000000080000000,0x000000008cd40880,0x000000009bc00000)
 Metaspace       used 71822K, capacity 76658K, committed 77016K, reserved 1116160K
  class space    used 9535K, capacity 10450K, committed 10496K, reserved 1048576K
Event: 606.660 GC heap after
Heap after GC invocations=20 (full 4):
 PSYoungGen      total 591360K, used 72415K [0x00000000d5580000, 0x0000000100000000, 0x0000000100000000)
  eden space 499200K, 0% used [0x00000000d5580000,0x00000000d5580000,0x00000000f3d00000)
  from space 92160K, 78% used [0x00000000fa400000,0x00000000feab7e00,0x00000000ffe00000)
  to   space 99840K, 0% used [0x00000000f3d00000,0x00000000f3d00000,0x00000000f9e80000)
 ParOldGen       total 454656K, used 210186K [0x0000000080000000, 0x000000009bc00000, 0x00000000d5580000)
  object space 454656K, 46% used [0x0000000080000000,0x000000008cd42880,0x000000009bc00000)
 Metaspace       used 71822K, capacity 76658K, committed 77016K, reserved 1116160K
  class space    used 9535K, capacity 10450K, committed 10496K, reserved 1048576K
}
Event: 642.406 GC heap before
{Heap before GC invocations=21 (full 4):
 PSYoungGen      total 591360K, used 571610K [0x00000000d5580000, 0x0000000100000000, 0x0000000100000000)
  eden space 499200K, 99% used [0x00000000d5580000,0x00000000f3cfecf0,0x00000000f3d00000)
  from space 92160K, 78% used [0x00000000fa400000,0x00000000feab7e00,0x00000000ffe00000)
  to   space 99840K, 0% used [0x00000000f3d00000,0x00000000f3d00000,0x00000000f9e80000)
 ParOldGen       total 454656K, used 210186K [0x0000000080000000, 0x000000009bc00000, 0x00000000d5580000)
  object space 454656K, 46% used [0x0000000080000000,0x000000008cd42880,0x000000009bc00000)
 Metaspace       used 74066K, capacity 78994K, committed 79192K, reserved 1118208K
  class space    used 9816K, capacity 10795K, committed 10880K, reserved 1048576K
Event: 642.467 GC heap after
Heap after GC invocations=21 (full 4):
 PSYoungGen      total 599040K, used 99825K [0x00000000d5580000, 0x0000000100000000, 0x0000000100000000)
  eden space 499200K, 0% used [0x00000000d5580000,0x00000000d5580000,0x00000000f3d00000)
  from space 99840K, 99% used [0x00000000f3d00000,0x00000000f9e7c690,0x00000000f9e80000)
  to   space 99840K, 0% used [0x00000000f9e80000,0x00000000f9e80000,0x0000000100000000)
 ParOldGen       total 454656K, used 213659K [0x0000000080000000, 0x000000009bc00000, 0x00000000d5580000)
  object space 454656K, 46% used [0x0000000080000000,0x000000008d0a6e10,0x000000009bc00000)
 Metaspace       used 74066K, capacity 78994K, committed 79192K, reserved 1118208K
  class space    used 9816K, capacity 10795K, committed 10880K, reserved 1048576K
}
Event: 781.438 GC heap before
{Heap before GC invocations=22 (full 4):
 PSYoungGen      total 599040K, used 599025K [0x00000000d5580000, 0x0000000100000000, 0x0000000100000000)
  eden space 499200K, 100% used [0x00000000d5580000,0x00000000f3d00000,0x00000000f3d00000)
  from space 99840K, 99% used [0x00000000f3d00000,0x00000000f9e7c690,0x00000000f9e80000)
  to   space 99840K, 0% used [0x00000000f9e80000,0x00000000f9e80000,0x0000000100000000)
 ParOldGen       total 454656K, used 213659K [0x0000000080000000, 0x000000009bc00000, 0x00000000d5580000)
  object space 454656K, 46% used [0x0000000080000000,0x000000008d0a6e10,0x000000009bc00000)
 Metaspace       used 75192K, capacity 80170K, committed 80344K, reserved 1118208K
  class space    used 9997K, capacity 10959K, committed 11008K, reserved 1048576K
Event: 781.502 GC heap after
Heap after GC invocations=22 (full 4):
 PSYoungGen      total 558080K, used 73481K [0x00000000d5580000, 0x0000000100000000, 0x0000000100000000)
  eden space 458240K, 0% used [0x00000000d5580000,0x00000000d5580000,0x00000000f1500000)
  from space 99840K, 73% used [0x00000000f9e80000,0x00000000fe642780,0x0000000100000000)
  to   space 120320K, 0% used [0x00000000f1500000,0x00000000f1500000,0x00000000f8a80000)
 ParOldGen       total 454656K, used 240450K [0x0000000080000000, 0x000000009bc00000, 0x00000000d5580000)
  object space 454656K, 52% used [0x0000000080000000,0x000000008ead0920,0x000000009bc00000)
 Metaspace       used 75192K, capacity 80170K, committed 80344K, reserved 1118208K
  class space    used 9997K, capacity 10959K, committed 11008K, reserved 1048576K
}

Deoptimization events (10 events):
Event: 935.265 Thread 0x000000001dbc3000 Uncommon trap: reason=class_check action=maybe_recompile pc=0x0000000005952014 method=java.lang.reflect.Array.newInstance(Ljava/lang/Class;I)Ljava/lang/Object; @ 2
Event: 935.317 Thread 0x000000001dbc1000 Uncommon trap: reason=unreached action=reinterpret pc=0x000000000669c0f8 method=java.net.URI.equal(Ljava/lang/String;Ljava/lang/String;)Z @ 2
Event: 936.753 Thread 0x000000001dbc1000 Uncommon trap: reason=class_check action=maybe_recompile pc=0x0000000005952014 method=java.lang.reflect.Array.newInstance(Ljava/lang/Class;I)Ljava/lang/Object; @ 2
Event: 936.753 Thread 0x000000001dbc1000 Uncommon trap: reason=class_check action=maybe_recompile pc=0x0000000005952014 method=java.lang.reflect.Array.newInstance(Ljava/lang/Class;I)Ljava/lang/Object; @ 2
Event: 937.622 Thread 0x000000001dbc1000 Uncommon trap: reason=bimorphic action=maybe_recompile pc=0x0000000006742a28 method=java.util.Collections$UnmodifiableList.get(I)Ljava/lang/Object; @ 5
Event: 937.623 Thread 0x000000001dbc1000 Uncommon trap: reason=bimorphic action=maybe_recompile pc=0x0000000006742a28 method=java.util.Collections$UnmodifiableList.get(I)Ljava/lang/Object; @ 5
Event: 937.623 Thread 0x000000001dbc1000 Uncommon trap: reason=bimorphic action=maybe_recompile pc=0x0000000006742a28 method=java.util.Collections$UnmodifiableList.get(I)Ljava/lang/Object; @ 5
Event: 937.624 Thread 0x000000001dbc1000 Uncommon trap: reason=bimorphic action=maybe_recompile pc=0x0000000006742a28 method=java.util.Collections$UnmodifiableList.get(I)Ljava/lang/Object; @ 5
Event: 941.476 Thread 0x000000001dbc1000 Uncommon trap: reason=null_check action=make_not_entrant pc=0x0000000003cd24ec method=java.beans.PropertyDescriptor.findPropertyType(Ljava/lang/reflect/Method;Ljava/lang/reflect/Method;)Ljava/lang/Class; @ 157
Event: 941.618 Thread 0x000000001dbc1000 Uncommon trap: reason=unreached action=reinterpret pc=0x0000000003846c58 method=com.growingio.agent.compile.J.transform(Ljava/lang/ClassLoader;Ljava/lang/String;Ljava/lang/Class;Ljava/security/ProtectionDomain;[B)[B @ 17

Internal exceptions (10 events):
Event: 948.034 Thread 0x000000001dbc1000 Exception <a 'sun/nio/fs/WindowsException'> (0x00000000ee271840) thrown at [D:\re\workspace\8-2-build-windows-amd64-cygwin\jdk8u20\1074\hotspot\src\share\vm\prims\jni.cpp, line 716]
Event: 948.034 Thread 0x000000001dbc1000 Exception <a 'sun/nio/fs/WindowsException'> (0x00000000ee272218) thrown at [D:\re\workspace\8-2-build-windows-amd64-cygwin\jdk8u20\1074\hotspot\src\share\vm\prims\jni.cpp, line 716]
Event: 948.034 Thread 0x000000001dbc1000 Exception <a 'sun/nio/fs/WindowsException'> (0x00000000ee2780b0) thrown at [D:\re\workspace\8-2-build-windows-amd64-cygwin\jdk8u20\1074\hotspot\src\share\vm\prims\jni.cpp, line 716]
Event: 948.034 Thread 0x000000001dbc1000 Exception <a 'sun/nio/fs/WindowsException'> (0x00000000ee278a38) thrown at [D:\re\workspace\8-2-build-windows-amd64-cygwin\jdk8u20\1074\hotspot\src\share\vm\prims\jni.cpp, line 716]
Event: 948.034 Thread 0x000000001dbc1000 Exception <a 'sun/nio/fs/WindowsException'> (0x00000000ee27a140) thrown at [D:\re\workspace\8-2-build-windows-amd64-cygwin\jdk8u20\1074\hotspot\src\share\vm\prims\jni.cpp, line 716]
Event: 948.034 Thread 0x000000001dbc1000 Exception <a 'sun/nio/fs/WindowsException'> (0x00000000ee27ab00) thrown at [D:\re\workspace\8-2-build-windows-amd64-cygwin\jdk8u20\1074\hotspot\src\share\vm\prims\jni.cpp, line 716]
Event: 948.035 Thread 0x000000001dbc1000 Exception <a 'sun/nio/fs/WindowsException'> (0x00000000ee27de40) thrown at [D:\re\workspace\8-2-build-windows-amd64-cygwin\jdk8u20\1074\hotspot\src\share\vm\prims\jni.cpp, line 716]
Event: 948.035 Thread 0x000000001dbc1000 Exception <a 'sun/nio/fs/WindowsException'> (0x00000000ee27e7a8) thrown at [D:\re\workspace\8-2-build-windows-amd64-cygwin\jdk8u20\1074\hotspot\src\share\vm\prims\jni.cpp, line 716]
Event: 948.035 Thread 0x000000001dbc1000 Exception <a 'sun/nio/fs/WindowsException'> (0x00000000ee27fe88) thrown at [D:\re\workspace\8-2-build-windows-amd64-cygwin\jdk8u20\1074\hotspot\src\share\vm\prims\jni.cpp, line 716]
Event: 948.035 Thread 0x000000001dbc1000 Exception <a 'sun/nio/fs/WindowsException'> (0x00000000ee280830) thrown at [D:\re\workspace\8-2-build-windows-amd64-cygwin\jdk8u20\1074\hotspot\src\share\vm\prims\jni.cpp, line 716]

Events (10 events):
Event: 947.655 Thread 0x000000001dbc1000 DEOPT PACKING pc=0x0000000003d55786 sp=0x000000002ad4ac90
Event: 947.655 Thread 0x000000001dbc1000 DEOPT UNPACKING pc=0x00000000033e75bf sp=0x000000002ad4aa00 mode 0
Event: 947.672 Thread 0x000000001dbc1000 DEOPT PACKING pc=0x0000000003cfad58 sp=0x000000002ad4b2c0
Event: 947.672 Thread 0x000000001dbc1000 DEOPT UNPACKING pc=0x00000000033e75bf sp=0x000000002ad4b060 mode 0
Event: 947.789 Thread 0x000000001dbc1000 DEOPT PACKING pc=0x0000000005a89c64 sp=0x000000002ad48b20
Event: 947.789 Thread 0x000000001dbc1000 DEOPT UNPACKING pc=0x00000000033e75bf sp=0x000000002ad48840 mode 0
Event: 947.831 Thread 0x000000001dbc1000 DEOPT PACKING pc=0x0000000003cf9826 sp=0x000000002ad497a0
Event: 947.831 Thread 0x000000001dbc1000 DEOPT UNPACKING pc=0x00000000033e75bf sp=0x000000002ad49548 mode 0
Event: 948.004 Executing VM operation: ForceSafepoint
Event: 948.004 Executing VM operation: ForceSafepoint done


Dynamic libraries:
0x00007ff74f5b0000 - 0x00007ff74f5e4000 	E:\developer\java\jdk\bin\java.exe
0x00007ff9bf990000 - 0x00007ff9bfb61000 	C:\WINDOWS\SYSTEM32\ntdll.dll
0x00007ff9bf560000 - 0x00007ff9bf60b000 	C:\WINDOWS\System32\KERNEL32.DLL
0x00007ff9bc950000 - 0x00007ff9bcb6d000 	C:\WINDOWS\System32\KERNELBASE.dll
0x00007ff9bf240000 - 0x00007ff9bf2e2000 	C:\WINDOWS\System32\ADVAPI32.dll
0x00007ff9bf1a0000 - 0x00007ff9bf23e000 	C:\WINDOWS\System32\msvcrt.dll
0x00007ff9be670000 - 0x00007ff9be6c9000 	C:\WINDOWS\System32\sechost.dll
0x00007ff9bf2f0000 - 0x00007ff9bf411000 	C:\WINDOWS\System32\RPCRT4.dll
0x00007ff9bcf40000 - 0x00007ff9bd0a5000 	C:\WINDOWS\System32\USER32.dll
0x00007ff9bbf20000 - 0x00007ff9bbf3e000 	C:\WINDOWS\System32\win32u.dll
0x00007ff9beb00000 - 0x00007ff9beb34000 	C:\WINDOWS\System32\GDI32.dll
0x00007ff9bcc70000 - 0x00007ff9bcdf2000 	C:\WINDOWS\System32\gdi32full.dll
0x00007ff9ae3e0000 - 0x00007ff9ae65a000 	C:\WINDOWS\WinSxS\amd64_microsoft.windows.common-controls_6595b64144ccf1df_6.0.14393.953_none_42151e83c686086b\COMCTL32.dll
0x00007ff9be7d0000 - 0x00007ff9bea98000 	C:\WINDOWS\System32\combase.dll
0x00007ff9bcb70000 - 0x00007ff9bcc65000 	C:\WINDOWS\System32\ucrtbase.dll
0x00007ff9bce00000 - 0x00007ff9bce6a000 	C:\WINDOWS\System32\bcryptPrimitives.dll
0x00007ff9bf950000 - 0x00007ff9bf97e000 	C:\WINDOWS\System32\IMM32.DLL
0x0000000071af0000 - 0x0000000071bc2000 	E:\developer\java\jdk\jre\bin\msvcr100.dll
0x0000000071290000 - 0x0000000071ae8000 	E:\developer\java\jdk\jre\bin\server\jvm.dll
0x00007ff9bf940000 - 0x00007ff9bf948000 	C:\WINDOWS\System32\PSAPI.DLL
0x00007ff9ab0d0000 - 0x00007ff9ab0d9000 	C:\WINDOWS\SYSTEM32\WSOCK32.dll
0x00007ff9b9d40000 - 0x00007ff9b9d63000 	C:\WINDOWS\SYSTEM32\WINMM.dll
0x00007ff9bf730000 - 0x00007ff9bf79a000 	C:\WINDOWS\System32\WS2_32.dll
0x0000000002cc0000 - 0x0000000002ceb000 	C:\WINDOWS\SYSTEM32\WINMMBASE.dll
0x00007ff9bced0000 - 0x00007ff9bcf12000 	C:\WINDOWS\System32\cfgmgr32.dll
0x0000000072b60000 - 0x0000000072b6f000 	E:\developer\java\jdk\jre\bin\verify.dll
0x0000000072b30000 - 0x0000000072b58000 	E:\developer\java\jdk\jre\bin\java.dll
0x0000000072b10000 - 0x0000000072b26000 	E:\developer\java\jdk\jre\bin\zip.dll
0x00007ff9bd0b0000 - 0x00007ff9be5b8000 	C:\WINDOWS\System32\SHELL32.dll
0x00007ff9bbf40000 - 0x00007ff9bc61a000 	C:\WINDOWS\System32\windows.storage.dll
0x00007ff9bbe20000 - 0x00007ff9bbe6c000 	C:\WINDOWS\System32\powrprof.dll
0x00007ff9beaa0000 - 0x00007ff9beaf2000 	C:\WINDOWS\System32\shlwapi.dll
0x00007ff9bbe10000 - 0x00007ff9bbe1f000 	C:\WINDOWS\System32\kernel.appcore.dll
0x00007ff9bc6d0000 - 0x00007ff9bc779000 	C:\WINDOWS\System32\shcore.dll
0x00007ff9bbdf0000 - 0x00007ff9bbe04000 	C:\WINDOWS\System32\profapi.dll
0x0000000072af0000 - 0x0000000072b0a000 	E:\developer\java\jdk\jre\bin\net.dll
0x00007ff9bb720000 - 0x00007ff9bb77c000 	C:\WINDOWS\system32\mswsock.dll
0x0000000072ad0000 - 0x0000000072ae1000 	E:\developer\java\jdk\jre\bin\nio.dll
0x00007ff9b6290000 - 0x00007ff9b62ae000 	C:\Users\Phil\.gradle\native\23\windows-amd64\native-platform.dll
0x00007ff9bb8c0000 - 0x00007ff9bb8d7000 	C:\WINDOWS\SYSTEM32\CRYPTSP.dll
0x00007ff9bb320000 - 0x00007ff9bb353000 	C:\WINDOWS\system32\rsaenh.dll
0x00007ff9bb9d0000 - 0x00007ff9bb9fb000 	C:\WINDOWS\SYSTEM32\bcrypt.dll
0x00007ff9bb5a0000 - 0x00007ff9bb5bf000 	C:\WINDOWS\SYSTEM32\USERENV.dll
0x00007ff9bb8e0000 - 0x00007ff9bb8eb000 	C:\WINDOWS\SYSTEM32\CRYPTBASE.dll
0x00007ff9bb4a0000 - 0x00007ff9bb4d8000 	C:\WINDOWS\SYSTEM32\IPHLPAPI.DLL
0x00007ff9be5c0000 - 0x00007ff9be5c8000 	C:\WINDOWS\System32\NSI.dll
0x00007ff9b7150000 - 0x00007ff9b7166000 	C:\WINDOWS\SYSTEM32\dhcpcsvc6.DLL
0x00007ff9b75a0000 - 0x00007ff9b75ba000 	C:\WINDOWS\SYSTEM32\dhcpcsvc.DLL
0x0000000072ac0000 - 0x0000000072acd000 	E:\developer\java\jdk\jre\bin\management.dll
0x00007ff9ad6e0000 - 0x00007ff9ad706000 	C:\Program Files (x86)\Sangfor\SSL\ClientComponent\SangforNspX64.dll
0x00007ff9bf420000 - 0x00007ff9bf557000 	C:\WINDOWS\System32\ole32.dll
0x00007ff9bf670000 - 0x00007ff9bf72f000 	C:\WINDOWS\System32\OLEAUT32.dll
0x00007ff9bbe80000 - 0x00007ff9bbf1c000 	C:\WINDOWS\System32\msvcp_win.dll
0x00007ff99e7c0000 - 0x00007ff99e7d6000 	C:\WINDOWS\system32\napinsp.dll
0x00007ff99e7a0000 - 0x00007ff99e7ba000 	C:\WINDOWS\system32\pnrpnsp.dll
0x00007ff9b9fb0000 - 0x00007ff9b9fc8000 	C:\WINDOWS\system32\NLAapi.dll
0x00007ff9bb4e0000 - 0x00007ff9bb581000 	C:\WINDOWS\SYSTEM32\DNSAPI.dll
0x00007ff9a31b0000 - 0x00007ff9a31be000 	C:\WINDOWS\System32\winrnr.dll
0x00007ff99e750000 - 0x00007ff99e765000 	C:\WINDOWS\System32\wshbth.dll
0x00007ff9baa30000 - 0x00007ff9babaa000 	C:\Program Files (x86)\Sangfor\SSL\ClientComponent\SangforTcpX64.dll
0x00007ff9bce70000 - 0x00007ff9bcec5000 	C:\WINDOWS\System32\WINTRUST.dll
0x00007ff9bbe70000 - 0x00007ff9bbe80000 	C:\WINDOWS\System32\MSASN1.dll
0x00007ff9baa20000 - 0x00007ff9baa2a000 	C:\WINDOWS\SYSTEM32\VERSION.dll
0x00007ff9bc780000 - 0x00007ff9bc949000 	C:\WINDOWS\System32\CRYPT32.dll
0x00007ff9ad4d0000 - 0x00007ff9ad4da000 	C:\Windows\System32\rasadhlp.dll
0x00007ff9b5b60000 - 0x00007ff9b5bca000 	C:\WINDOWS\System32\fwpuclnt.dll
0x0000000072ab0000 - 0x0000000072ab9000 	E:\developer\java\jdk\jre\bin\attach.dll
0x0000000071260000 - 0x0000000071283000 	E:\developer\java\jdk\jre\bin\instrument.dll
0x0000000071230000 - 0x0000000071254000 	E:\developer\java\jdk\jre\bin\sunec.dll
0x0000000072aa0000 - 0x0000000072aab000 	E:\developer\java\jdk\jre\bin\sunmscapi.dll
0x00007ff9aa7f0000 - 0x00007ff9aa982000 	C:\WINDOWS\SYSTEM32\dbghelp.dll

VM Arguments:
jvm_args: -Xmx2048m -Dfile.encoding=GBK -Duser.country=CN -Duser.language=zh -Duser.variant 
java_command: org.gradle.launcher.daemon.bootstrap.GradleDaemon 3.3
java_class_path (initial): C:\Users\Phil\.gradle\wrapper\dists\gradle-3.3-all\55gk2rcmfc6p2dg9u9ohc3hw9\gradle-3.3\lib\gradle-launcher-3.3.jar
Launcher Type: SUN_STANDARD

Environment Variables:
JAVA_HOME=e:\developer\java\jdk
PATH=C:\Program Files (x86)\Intel\iCLS Client\;C:\Program Files\Intel\iCLS Client\;C:\Windows\system32;C:\Windows;C:\Windows\System32\Wbem;C:\Windows\System32\WindowsPowerShell\v1.0\;C:\Program Files (x86)\NVIDIA Corporation\PhysX\Common;C:\Program Files (x86)\Intel\Intel(R) Management Engine Components\DAL;C:\Program Files\Intel\Intel(R) Management Engine Components\DAL;C:\Program Files (x86)\Intel\Intel(R) Management Engine Components\IPT;C:\Program Files\Intel\Intel(R) Management Engine Components\IPT;E:\developer\git\Git\cmd;C:\WINDOWS\system32;C:\WINDOWS;C:\WINDOWS\System32\Wbem;C:\WINDOWS\System32\WindowsPowerShell\v1.0\;E:\developer\svn\bin;C:\Program Files\Intel\WiFi\bin\;C:\Program Files\Common Files\Intel\WirelessCommon\;C:\Users\Phil\AppData\Local\Microsoft\WindowsApps;
USERNAME=Phil
OS=Windows_NT
PROCESSOR_IDENTIFIER=Intel64 Family 6 Model 94 Stepping 3, GenuineIntel



---------------  S Y S T E M  ---------------

OS: Windows 8.1 , 64 bit Build 9600 

CPU:total 8 (4 cores per cpu, 2 threads per core) family 6 model 94 stepping 3, cmov, cx8, fxsr, mmx, sse, sse2, sse3, ssse3, sse4.1, sse4.2, popcnt, avx, avx2, aes, clmul, erms, rtm, lzcnt, ht, tsc, tscinvbit, bmi1, bmi2

Memory: 4k page, physical 16687908k(9740112k free), swap 19178276k(11555308k free)

vm_info: Java HotSpot(TM) 64-Bit Server VM (25.20-b23) for windows-amd64 JRE (1.8.0_20-b26), built on Jul 30 2014 13:51:23 by "java_re" with MS VC++ 10.0 (VS2010)

time: Tue Apr 25 09:29:37 2017
elapsed time: 948 seconds (0d 0h 15m 48s)

