#
# A fatal error has been detected by the Java Runtime Environment:
#
#  EXCEPTION_ACCESS_VIOLATION (0xc0000005) at pc=0x0000000000000000, pid=6840, tid=13532
#
# JRE version: Java(TM) SE Runtime Environment (8.0_20-b26) (build 1.8.0_20-b26)
# Java VM: Java HotSpot(TM) 64-Bit Server VM (25.20-b23 mixed mode windows-amd64 compressed oops)
# Problematic frame:
# C  0x0000000000000000
#
# Failed to write core dump. Minidumps are not enabled by default on client versions of Windows
#
# If you would like to submit a bug report, please visit:
#   http://bugreport.sun.com/bugreport/crash.jsp
#

---------------  T H R E A D  ---------------

Current thread (0x000000001c03c800):  JavaThread "Daemon worker Thread 2" [_thread_in_Java, id=13532, stack(0x000000002e950000,0x000000002ea50000)]

siginfo: ExceptionCode=0xc0000005, ExceptionInformation=0x0000000000000008 0x0000000000000000

Registers:
RAX=0x00000000f6df2260, RBX=0x000000001cb84a58, RCX=0x0000000003563a40, RDX=0x00000000f6df2260
RSP=0x000000002ea4c140, RBP=0x0000000001545bf0, RSI=0x0000000017cf5918, RDI=0x0000000000001040
R8 =0x0000000080585ca8, R9 =0x000000008008afd8, R10=0x00000000f6df2260, R11=0x0000000003817340
R12=0x0000000000000000, R13=0x000000002ea4c130, R14=0x0000000000000001, R15=0x000000001c03c800
RIP=0x0000000000000000, EFLAGS=0x0000000000010246

Top of Stack: (sp=0x000000002ea4c140)
0x000000002ea4c140:   000000002ea4c1d9 000000007133b598
0x000000002ea4c150:   000000002ea4c180 0000000003f3961c
0x000000002ea4c160:   0000000003f3961c 00000000f6df2260
0x000000002ea4c170:   0000000080585ce0 0000000003f3961c
0x000000002ea4c180:   0000000000000000 000000001c03c800
0x000000002ea4c190:   0000000000000000 0000000001545bf0
0x000000002ea4c1a0:   000000001c03c800 0000000001545bf0
0x000000002ea4c1b0:   000000002ea4c1e0 0000000004c7bd3c
0x000000002ea4c1c0:   0000000004c7bd3c 0000000004c7bd3c
0x000000002ea4c1d0:   00000000f8276050 0000000080585ce0
0x000000002ea4c1e0:   000000002ea4c2d8 000000007133b598
0x000000002ea4c1f0:   000000001f4082d0 000000001c03c800
0x000000002ea4c200:   000000002ea4c328 0000000001545bd8
0x000000002ea4c210:   0000000000000000 000000001c03c800
0x000000002ea4c220:   000000002ea4c250 0000000003d0e194
0x000000002ea4c230:   0000000003d0e194 00000000f8276050 

Instructions: (pc=0x0000000000000000)
0xffffffffffffffe0:   


Register to memory mapping:

RAX=0x00000000f6df2260 is an oop
com.android.build.gradle.internal.packaging.ParsedPackagingOptions$$Lambda$481/1695159200 
 - klass: 'com/android/build/gradle/internal/packaging/ParsedPackagingOptions$$Lambda$481'
RBX={method} {0x000000001cb84a60} 'identity' '(Ljava/lang/Object;)Ljava/lang/Object;' in 'sun/invoke/util/ValueConversions'
RCX=0x0000000003563a40 is at begin+12 in a stub
MethodHandle::interpreter_entry::_linkToStatic [0x0000000003563a34, 0x0000000003563a58[ (36 bytes)
RDX=0x00000000f6df2260 is an oop
com.android.build.gradle.internal.packaging.ParsedPackagingOptions$$Lambda$481/1695159200 
 - klass: 'com/android/build/gradle/internal/packaging/ParsedPackagingOptions$$Lambda$481'
RSP=0x000000002ea4c140 is pointing into the stack for thread: 0x000000001c03c800
RBP={method} {0x0000000001545bf8} '<init>' '()V' in 'com/google/common/collect/ImmutableSet'
RSI={method} {0x0000000017cf5920} 'invoke_L_L' '(Ljava/lang/invoke/MethodHandle;[Ljava/lang/Object;)Ljava/lang/Object;' in 'java/lang/invoke/LambdaForm$NamedFunction'
RDI=0x0000000000001040 is an unknown value
R8 =0x0000000080585ca8 is an oop
java.lang.invoke.MemberName 
 - klass: 'java/lang/invoke/MemberName'
R9 =0x000000008008afd8 is an oop
java.lang.invoke.MemberName 
 - klass: 'java/lang/invoke/MemberName'
R10=0x00000000f6df2260 is an oop
com.android.build.gradle.internal.packaging.ParsedPackagingOptions$$Lambda$481/1695159200 
 - klass: 'com/android/build/gradle/internal/packaging/ParsedPackagingOptions$$Lambda$481'
R11=0x0000000003817340 is at entry_point+0 in (nmethod*)0x0000000003817210
R12=0x0000000000000000 is an unknown value
R13=0x000000002ea4c130 is pointing into the stack for thread: 0x000000001c03c800
R14=0x0000000000000001 is an unknown value
R15=0x000000001c03c800 is a thread


Stack: [0x000000002e950000,0x000000002ea50000],  sp=0x000000002ea4c140,  free space=1008k
Native frames: (J=compiled Java code, j=interpreted, Vv=VM code, C=native code)


---------------  P R O C E S S  ---------------

Java Threads: ( => current thread )
  0x000000001c042800 JavaThread "pool-4-thread-1" [_thread_blocked, id=8960, stack(0x000000002ec50000,0x000000002ed50000)]
  0x000000001c03a000 JavaThread "Stdin handler" [_thread_blocked, id=5828, stack(0x000000002eb50000,0x000000002ec50000)]
  0x000000001c040000 JavaThread "Asynchronous log dispatcher for DefaultDaemonConnection: socket connection from /127.0.0.1:49229 to /127.0.0.1:65435" [_thread_blocked, id=4588, stack(0x000000002ea50000,0x000000002eb50000)]
=>0x000000001c03c800 JavaThread "Daemon worker Thread 2" [_thread_in_Java, id=13532, stack(0x000000002e950000,0x000000002ea50000)]
  0x000000001c03d000 JavaThread "Cancel handler" [_thread_blocked, id=14420, stack(0x000000002e850000,0x000000002e950000)]
  0x000000001c03e800 JavaThread "Handler for socket connection from /127.0.0.1:49229 to /127.0.0.1:65435" [_thread_in_native, id=4500, stack(0x000000002e750000,0x000000002e850000)]
  0x000000001c03b800 JavaThread "Daemon Thread 2" [_thread_blocked, id=4560, stack(0x000000002e650000,0x000000002e750000)]
  0x000000001b5ef800 JavaThread "pool-2-thread-1" [_thread_blocked, id=7088, stack(0x0000000022770000,0x0000000022870000)]
  0x000000001b5f0800 JavaThread "File lock request listener" [_thread_in_native, id=4456, stack(0x0000000020f50000,0x0000000021050000)]
  0x000000001b450800 JavaThread "Incoming local TCP Connector on port 49229" [_thread_in_native, id=8064, stack(0x000000001cbc0000,0x000000001ccc0000)]
  0x000000001a5d3000 JavaThread "pool-1-thread-1" [_thread_blocked, id=10976, stack(0x000000001c8c0000,0x000000001c9c0000)]
  0x000000001a5ec800 JavaThread "Service Thread" daemon [_thread_blocked, id=1876, stack(0x000000001aed0000,0x000000001afd0000)]
  0x000000001a55f800 JavaThread "C1 CompilerThread3" daemon [_thread_blocked, id=3428, stack(0x000000001add0000,0x000000001aed0000)]
  0x000000001a559800 JavaThread "C2 CompilerThread2" daemon [_thread_in_native, id=15308, stack(0x000000001acd0000,0x000000001add0000)]
  0x000000001a557000 JavaThread "C2 CompilerThread1" daemon [_thread_in_native, id=4692, stack(0x000000001abd0000,0x000000001acd0000)]
  0x000000001a507800 JavaThread "C2 CompilerThread0" daemon [_thread_in_native, id=11584, stack(0x000000001aad0000,0x000000001abd0000)]
  0x000000001a506000 JavaThread "Attach Listener" daemon [_thread_blocked, id=7568, stack(0x000000001a9d0000,0x000000001aad0000)]
  0x000000001850e800 JavaThread "Signal Dispatcher" daemon [_thread_blocked, id=15740, stack(0x000000001a8d0000,0x000000001a9d0000)]
  0x00000000184fc000 JavaThread "Finalizer" daemon [_thread_blocked, id=10660, stack(0x000000001a3d0000,0x000000001a4d0000)]
  0x0000000003453800 JavaThread "Reference Handler" daemon [_thread_blocked, id=10132, stack(0x000000001a2d0000,0x000000001a3d0000)]
  0x0000000003360800 JavaThread "main" [_thread_blocked, id=10768, stack(0x0000000002ee0000,0x0000000002fe0000)]

Other Threads:
  0x00000000184f7800 VMThread [stack: 0x000000001a1d0000,0x000000001a2d0000] [id=11304]
  0x000000001a5f6800 WatcherThread [stack: 0x000000001afd0000,0x000000001b0d0000] [id=7916]

VM state:not at safepoint (normal execution)

VM Mutex/Monitor currently owned by a thread: None

Heap:
 PSYoungGen      total 641536K, used 572916K [0x00000000d5580000, 0x00000000ffd80000, 0x0000000100000000)
  eden space 585728K, 97% used [0x00000000d5580000,0x00000000f84bd290,0x00000000f9180000)
  from space 55808K, 0% used [0x00000000fc700000,0x00000000fc740000,0x00000000ffd80000)
  to   space 54784K, 0% used [0x00000000f9180000,0x00000000f9180000,0x00000000fc700000)
 ParOldGen       total 370688K, used 199976K [0x0000000080000000, 0x0000000096a00000, 0x00000000d5580000)
  object space 370688K, 53% used [0x0000000080000000,0x000000008c34a130,0x0000000096a00000)
 Metaspace       used 76570K, capacity 80316K, committed 80512K, reserved 1118208K
  class space    used 10057K, capacity 10768K, committed 10880K, reserved 1048576K

Card table byte_map: [0x0000000012820000,0x0000000012c30000] byte_map_base: 0x0000000012420000

Marking Bits: (ParMarkBitMap*) 0x0000000071a6b460
 Begin Bits: [0x00000000136e0000, 0x00000000156e0000)
 End Bits:   [0x00000000156e0000, 0x00000000176e0000)

Polling page: 0x0000000001750000

CodeCache: size=245760Kb used=24183Kb max_used=26271Kb free=221576Kb
 bounds [0x0000000003460000, 0x0000000004e20000, 0x0000000012460000]
 total_blobs=9046 nmethods=8252 adapters=705
 compilation: enabled

Compilation events (10 events):
Event: 1059.881 Thread 0x000000001a507800 19128       4       jdk.internal.org.objectweb.asm.ByteVector::putByte (39 bytes)
Event: 1059.881 Thread 0x000000001a557000 19100       4       jdk.internal.org.objectweb.asm.ClassWriter::newUTF8 (70 bytes)
Event: 1059.882 Thread 0x000000001a55f800 nmethod 19533 0x00000000043f0650 code [0x00000000043f0820, 0x00000000043f0d38]
Event: 1059.882 Thread 0x000000001a55f800 19534       2       com.google.common.collect.Iterators::forArray (51 bytes)
Event: 1059.882 Thread 0x000000001a507800 nmethod 19128 0x00000000043eedd0 code [0x00000000043eef20, 0x00000000043ef048]
Event: 1059.882 Thread 0x000000001a507800 19214       4       java.lang.invoke.LambdaForm$DMH/654623899::invokeStatic_L_L (14 bytes)
Event: 1059.882 Thread 0x000000001a55f800 nmethod 19534 0x00000000043efc90 code [0x00000000043efe40, 0x00000000043f02d8]
Event: 1059.882 Thread 0x000000001a55f800 19536       2       org.gradle.api.internal.DependencyInjectingInstantiator::convertParameters (194 bytes)
Event: 1059.883 Thread 0x000000001a507800 nmethod 19214 0x00000000043eead0 code [0x00000000043eec20, 0x00000000043eecc8]
Event: 1059.883 Thread 0x000000001a507800 19420       4       java.lang.invoke.LambdaForm$DMH/410718597::invokeStatic_LL_L (15 bytes)

GC Heap History (10 events):
Event: 25.836 GC heap before
{Heap before GC invocations=16 (full 4):
 PSYoungGen      total 602112K, used 576249K [0x00000000d5580000, 0x0000000100000000, 0x0000000100000000)
  eden space 564736K, 99% used [0x00000000d5580000,0x00000000f7c6b8d8,0x00000000f7d00000)
  from space 37376K, 32% used [0x00000000f7d00000,0x00000000f88d2d50,0x00000000fa180000)
  to   space 59392K, 0% used [0x00000000fc600000,0x00000000fc600000,0x0000000100000000)
 ParOldGen       total 370688K, used 187849K [0x0000000080000000, 0x0000000096a00000, 0x00000000d5580000)
  object space 370688K, 50% used [0x0000000080000000,0x000000008b772470,0x0000000096a00000)
 Metaspace       used 66305K, capacity 69116K, committed 69248K, reserved 1110016K
  class space    used 8719K, capacity 9287K, committed 9344K, reserved 1048576K
Event: 25.852 GC heap after
Heap after GC invocations=16 (full 4):
 PSYoungGen      total 640000K, used 7360K [0x00000000d5580000, 0x0000000100000000, 0x0000000100000000)
  eden space 580608K, 0% used [0x00000000d5580000,0x00000000d5580000,0x00000000f8c80000)
  from space 59392K, 12% used [0x00000000fc600000,0x00000000fcd30080,0x0000000100000000)
  to   space 58880K, 0% used [0x00000000f8c80000,0x00000000f8c80000,0x00000000fc600000)
 ParOldGen       total 370688K, used 192506K [0x0000000080000000, 0x0000000096a00000, 0x00000000d5580000)
  object space 370688K, 51% used [0x0000000080000000,0x000000008bbfe898,0x0000000096a00000)
 Metaspace       used 66305K, capacity 69116K, committed 69248K, reserved 1110016K
  class space    used 8719K, capacity 9287K, committed 9344K, reserved 1048576K
}
Event: 25.924 GC heap before
{Heap before GC invocations=17 (full 4):
 PSYoungGen      total 640000K, used 587538K [0x00000000d5580000, 0x0000000100000000, 0x0000000100000000)
  eden space 580608K, 99% used [0x00000000d5580000,0x00000000f8c14980,0x00000000f8c80000)
  from space 59392K, 12% used [0x00000000fc600000,0x00000000fcd30080,0x0000000100000000)
  to   space 58880K, 0% used [0x00000000f8c80000,0x00000000f8c80000,0x00000000fc600000)
 ParOldGen       total 370688K, used 192506K [0x0000000080000000, 0x0000000096a00000, 0x00000000d5580000)
  object space 370688K, 51% used [0x0000000080000000,0x000000008bbfe898,0x0000000096a00000)
 Metaspace       used 66305K, capacity 69116K, committed 69248K, reserved 1110016K
  class space    used 8719K, capacity 9287K, committed 9344K, reserved 1048576K
Event: 25.930 GC heap after
Heap after GC invocations=17 (full 4):
 PSYoungGen      total 588288K, used 7456K [0x00000000d5580000, 0x00000000ffd80000, 0x0000000100000000)
  eden space 580608K, 0% used [0x00000000d5580000,0x00000000d5580000,0x00000000f8c80000)
  from space 7680K, 97% used [0x00000000f8c80000,0x00000000f93c8080,0x00000000f9400000)
  to   space 57856K, 0% used [0x00000000fc500000,0x00000000fc500000,0x00000000ffd80000)
 ParOldGen       total 370688K, used 192506K [0x0000000080000000, 0x0000000096a00000, 0x00000000d5580000)
  object space 370688K, 51% used [0x0000000080000000,0x000000008bbfe898,0x0000000096a00000)
 Metaspace       used 66305K, capacity 69116K, committed 69248K, reserved 1110016K
  class space    used 8719K, capacity 9287K, committed 9344K, reserved 1048576K
}
Event: 25.997 GC heap before
{Heap before GC invocations=18 (full 4):
 PSYoungGen      total 588288K, used 587930K [0x00000000d5580000, 0x00000000ffd80000, 0x0000000100000000)
  eden space 580608K, 99% used [0x00000000d5580000,0x00000000f8c5eb40,0x00000000f8c80000)
  from space 7680K, 97% used [0x00000000f8c80000,0x00000000f93c8080,0x00000000f9400000)
  to   space 57856K, 0% used [0x00000000fc500000,0x00000000fc500000,0x00000000ffd80000)
 ParOldGen       total 370688K, used 192506K [0x0000000080000000, 0x0000000096a00000, 0x00000000d5580000)
  object space 370688K, 51% used [0x0000000080000000,0x000000008bbfe898,0x0000000096a00000)
 Metaspace       used 66305K, capacity 69116K, committed 69248K, reserved 1110016K
  class space    used 8719K, capacity 9287K, committed 9344K, reserved 1048576K
Event: 26.003 GC heap after
Heap after GC invocations=18 (full 4):
 PSYoungGen      total 640000K, used 7456K [0x00000000d5580000, 0x0000000100000000, 0x0000000100000000)
  eden space 582144K, 0% used [0x00000000d5580000,0x00000000d5580000,0x00000000f8e00000)
  from space 57856K, 12% used [0x00000000fc500000,0x00000000fcc48080,0x00000000ffd80000)
  to   space 56320K, 0% used [0x00000000f8e00000,0x00000000f8e00000,0x00000000fc500000)
 ParOldGen       total 370688K, used 192514K [0x0000000080000000, 0x0000000096a00000, 0x00000000d5580000)
  object space 370688K, 51% used [0x0000000080000000,0x000000008bc00898,0x0000000096a00000)
 Metaspace       used 66305K, capacity 69116K, committed 69248K, reserved 1110016K
  class space    used 8719K, capacity 9287K, committed 9344K, reserved 1048576K
}
Event: 26.070 GC heap before
{Heap before GC invocations=19 (full 4):
 PSYoungGen      total 640000K, used 588837K [0x00000000d5580000, 0x0000000100000000, 0x0000000100000000)
  eden space 582144K, 99% used [0x00000000d5580000,0x00000000f8d414b0,0x00000000f8e00000)
  from space 57856K, 12% used [0x00000000fc500000,0x00000000fcc48080,0x00000000ffd80000)
  to   space 56320K, 0% used [0x00000000f8e00000,0x00000000f8e00000,0x00000000fc500000)
 ParOldGen       total 370688K, used 192514K [0x0000000080000000, 0x0000000096a00000, 0x00000000d5580000)
  object space 370688K, 51% used [0x0000000080000000,0x000000008bc00898,0x0000000096a00000)
 Metaspace       used 66305K, capacity 69116K, committed 69248K, reserved 1110016K
  class space    used 8719K, capacity 9287K, committed 9344K, reserved 1048576K
Event: 26.077 GC heap after
Heap after GC invocations=19 (full 4):
 PSYoungGen      total 638464K, used 256K [0x00000000d5580000, 0x00000000ffd80000, 0x0000000100000000)
  eden space 582144K, 0% used [0x00000000d5580000,0x00000000d5580000,0x00000000f8e00000)
  from space 56320K, 0% used [0x00000000f8e00000,0x00000000f8e40000,0x00000000fc500000)
  to   space 55808K, 0% used [0x00000000fc700000,0x00000000fc700000,0x00000000ffd80000)
 ParOldGen       total 370688K, used 199880K [0x0000000080000000, 0x0000000096a00000, 0x00000000d5580000)
  object space 370688K, 53% used [0x0000000080000000,0x000000008c332130,0x0000000096a00000)
 Metaspace       used 66305K, capacity 69116K, committed 69248K, reserved 1110016K
  class space    used 8719K, capacity 9287K, committed 9344K, reserved 1048576K
}
Event: 26.146 GC heap before
{Heap before GC invocations=20 (full 4):
 PSYoungGen      total 638464K, used 582364K [0x00000000d5580000, 0x00000000ffd80000, 0x0000000100000000)
  eden space 582144K, 99% used [0x00000000d5580000,0x00000000f8df7150,0x00000000f8e00000)
  from space 56320K, 0% used [0x00000000f8e00000,0x00000000f8e40000,0x00000000fc500000)
  to   space 55808K, 0% used [0x00000000fc700000,0x00000000fc700000,0x00000000ffd80000)
 ParOldGen       total 370688K, used 199880K [0x0000000080000000, 0x0000000096a00000, 0x00000000d5580000)
  object space 370688K, 53% used [0x0000000080000000,0x000000008c332130,0x0000000096a00000)
 Metaspace       used 66305K, capacity 69116K, committed 69248K, reserved 1110016K
  class space    used 8719K, capacity 9287K, committed 9344K, reserved 1048576K
Event: 26.149 GC heap after
Heap after GC invocations=20 (full 4):
 PSYoungGen      total 641536K, used 256K [0x00000000d5580000, 0x00000000ffd80000, 0x0000000100000000)
  eden space 585728K, 0% used [0x00000000d5580000,0x00000000d5580000,0x00000000f9180000)
  from space 55808K, 0% used [0x00000000fc700000,0x00000000fc740000,0x00000000ffd80000)
  to   space 54784K, 0% used [0x00000000f9180000,0x00000000f9180000,0x00000000fc700000)
 ParOldGen       total 370688K, used 199976K [0x0000000080000000, 0x0000000096a00000, 0x00000000d5580000)
  object space 370688K, 53% used [0x0000000080000000,0x000000008c34a130,0x0000000096a00000)
 Metaspace       used 66305K, capacity 69116K, committed 69248K, reserved 1110016K
  class space    used 8719K, capacity 9287K, committed 9344K, reserved 1048576K
}

Deoptimization events (10 events):
Event: 1057.650 Thread 0x000000001c03c800 Uncommon trap: reason=class_check action=maybe_recompile pc=0x0000000003e1f0c0 method=com.google.common.collect.Iterables$3.transform(Ljava/lang/Object;)Ljava/lang/Object; @ 2
Event: 1057.650 Thread 0x000000001c03c800 Uncommon trap: reason=class_check action=maybe_recompile pc=0x0000000003e1f0c0 method=com.google.common.collect.Iterables$3.transform(Ljava/lang/Object;)Ljava/lang/Object; @ 2
Event: 1057.650 Thread 0x000000001c03c800 Uncommon trap: reason=class_check action=maybe_recompile pc=0x0000000003e1f0c0 method=com.google.common.collect.Iterables$3.transform(Ljava/lang/Object;)Ljava/lang/Object; @ 2
Event: 1057.735 Thread 0x000000001c03c800 Uncommon trap: reason=null_check action=make_not_entrant pc=0x0000000003f4abcc method=com.sun.org.apache.xerces.internal.utils.XMLLimitAnalyzer.isTracking(Ljava/lang/String;)Z @ 14
Event: 1058.038 Thread 0x000000001c03c800 Uncommon trap: reason=class_check action=maybe_recompile pc=0x0000000004247c84 method=com.sun.org.apache.xerces.internal.dom.AttributeMap.setNamedItem(Lorg/w3c/dom/Node;)Lorg/w3c/dom/Node; @ 4
Event: 1058.042 Thread 0x000000001c03c800 Uncommon trap: reason=class_check action=maybe_recompile pc=0x0000000004247c84 method=com.sun.org.apache.xerces.internal.dom.AttributeMap.setNamedItem(Lorg/w3c/dom/Node;)Lorg/w3c/dom/Node; @ 4
Event: 1058.045 Thread 0x000000001c03c800 Uncommon trap: reason=class_check action=maybe_recompile pc=0x0000000004247c84 method=com.sun.org.apache.xerces.internal.dom.AttributeMap.setNamedItem(Lorg/w3c/dom/Node;)Lorg/w3c/dom/Node; @ 4
Event: 1058.047 Thread 0x000000001c03c800 Uncommon trap: reason=class_check action=maybe_recompile pc=0x0000000004247c84 method=com.sun.org.apache.xerces.internal.dom.AttributeMap.setNamedItem(Lorg/w3c/dom/Node;)Lorg/w3c/dom/Node; @ 4
Event: 1059.474 Thread 0x000000001c03c800 Uncommon trap: reason=unreached action=reinterpret pc=0x0000000003fa20dc method=com.google.common.cache.LocalCache$AccessQueue.peek()Lcom/google/common/cache/LocalCache$ReferenceEntry; @ 15
Event: 1059.798 Thread 0x000000001c03c800 Uncommon trap: reason=unreached action=reinterpret pc=0x00000000042f093c method=org.gradle.cache.internal.btree.BTreePersistentIndexedCache$1.create(Ljava/lang/Class;)Ljava/lang/Object; @ 4

Internal exceptions (10 events):
Event: 1059.856 Thread 0x000000001c03c800 Exception <a 'java/security/PrivilegedActionException'> (0x00000000f81b88d0) thrown at [D:\re\workspace\8-2-build-windows-amd64-cygwin\jdk8u20\1074\hotspot\src\share\vm\prims\jvm.cpp, line 1275]
Event: 1059.856 Thread 0x000000001c03c800 Exception <a 'java/security/PrivilegedActionException'> (0x00000000f81b9ec8) thrown at [D:\re\workspace\8-2-build-windows-amd64-cygwin\jdk8u20\1074\hotspot\src\share\vm\prims\jvm.cpp, line 1275]
Event: 1059.856 Thread 0x000000001c03c800 Exception <a 'java/security/PrivilegedActionException'> (0x00000000f81bb360) thrown at [D:\re\workspace\8-2-build-windows-amd64-cygwin\jdk8u20\1074\hotspot\src\share\vm\prims\jvm.cpp, line 1275]
Event: 1059.856 Thread 0x000000001c03c800 Exception <a 'java/security/PrivilegedActionException'> (0x00000000f81c28b8) thrown at [D:\re\workspace\8-2-build-windows-amd64-cygwin\jdk8u20\1074\hotspot\src\share\vm\prims\jvm.cpp, line 1275]
Event: 1059.856 Thread 0x000000001c03c800 Exception <a 'java/lang/ClassNotFoundException': com/android/build/gradle/internal/TaskManager$2BeanInfo> (0x00000000f81c3148) thrown at [D:\re\workspace\8-2-build-windows-amd64-cygwin\jdk8u20\1074\hotspot\src\share\vm\classfile\systemDictionary.cpp, line F}‚/mèê@
Event: 1059.857 Thread 0x000000001c03c800 Exception <a 'java/security/PrivilegedActionException'> (0x00000000f81cac80) thrown at [D:\re\workspace\8-2-build-windows-amd64-cygwin\jdk8u20\1074\hotspot\src\share\vm\prims\jvm.cpp, line 1275]
Event: 1059.857 Thread 0x000000001c03c800 Exception <a 'java/security/PrivilegedActionException'> (0x00000000f81cc2b0) thrown at [D:\re\workspace\8-2-build-windows-amd64-cygwin\jdk8u20\1074\hotspot\src\share\vm\prims\jvm.cpp, line 1275]
Event: 1059.857 Thread 0x000000001c03c800 Exception <a 'java/security/PrivilegedActionException'> (0x00000000f81cd760) thrown at [D:\re\workspace\8-2-build-windows-amd64-cygwin\jdk8u20\1074\hotspot\src\share\vm\prims\jvm.cpp, line 1275]
Event: 1059.857 Thread 0x000000001c03c800 Exception <a 'java/security/PrivilegedActionException'> (0x00000000f81d4ea0) thrown at [D:\re\workspace\8-2-build-windows-amd64-cygwin\jdk8u20\1074\hotspot\src\share\vm\prims\jvm.cpp, line 1275]
Event: 1059.857 Thread 0x000000001c03c800 Exception <a 'java/lang/ClassNotFoundException': com/android/build/gradle/internal/TaskManager$2Customizer> (0x00000000f81d5738) thrown at [D:\re\workspace\8-2-build-windows-amd64-cygwin\jdk8u20\1074\hotspot\src\share\vm\classfile\systemDictionary.cpp, lin`ﬂì’lèê@

Events (10 events):
Event: 1059.856 loading class groovy/runtime/metaclass/com/android/build/gradle/internal/TaskManager$2MetaClass
Event: 1059.856 loading class groovy/runtime/metaclass/com/android/build/gradle/internal/TaskManager$2MetaClass done
Event: 1059.856 loading class com/android/build/gradle/internal/TaskManager$2BeanInfo
Event: 1059.856 loading class com/android/build/gradle/internal/TaskManager$2BeanInfo done
Event: 1059.856 loading class com/android/build/gradle/internal/TaskManager$2BeanInfo
Event: 1059.856 loading class com/android/build/gradle/internal/TaskManager$2BeanInfo done
Event: 1059.857 loading class com/android/build/gradle/internal/TaskManager$2Customizer
Event: 1059.857 loading class com/android/build/gradle/internal/TaskManager$2Customizer done
Event: 1059.857 loading class com/android/build/gradle/internal/TaskManager$2Customizer
Event: 1059.857 loading class com/android/build/gradle/internal/TaskManager$2Customizer done


Dynamic libraries:
0x00007ff74f5b0000 - 0x00007ff74f5e4000 	E:\developer\java\jdk\bin\java.exe
0x00007ff9bf990000 - 0x00007ff9bfb61000 	C:\WINDOWS\SYSTEM32\ntdll.dll
0x00007ff9bf560000 - 0x00007ff9bf60b000 	C:\WINDOWS\System32\KERNEL32.DLL
0x00007ff9bc950000 - 0x00007ff9bcb6d000 	C:\WINDOWS\System32\KERNELBASE.dll
0x00007ff9bf240000 - 0x00007ff9bf2e2000 	C:\WINDOWS\System32\ADVAPI32.dll
0x00007ff9bf1a0000 - 0x00007ff9bf23e000 	C:\WINDOWS\System32\msvcrt.dll
0x00007ff9be670000 - 0x00007ff9be6c9000 	C:\WINDOWS\System32\sechost.dll
0x00007ff9bf2f0000 - 0x00007ff9bf411000 	C:\WINDOWS\System32\RPCRT4.dll
0x00007ff9bcf40000 - 0x00007ff9bd0a5000 	C:\WINDOWS\System32\USER32.dll
0x00007ff9bbf20000 - 0x00007ff9bbf3e000 	C:\WINDOWS\System32\win32u.dll
0x00007ff9beb00000 - 0x00007ff9beb34000 	C:\WINDOWS\System32\GDI32.dll
0x00007ff9bcc70000 - 0x00007ff9bcdf2000 	C:\WINDOWS\System32\gdi32full.dll
0x00007ff9ae3e0000 - 0x00007ff9ae65a000 	C:\WINDOWS\WinSxS\amd64_microsoft.windows.common-controls_6595b64144ccf1df_6.0.14393.953_none_42151e83c686086b\COMCTL32.dll
0x00007ff9be7d0000 - 0x00007ff9bea98000 	C:\WINDOWS\System32\combase.dll
0x00007ff9bcb70000 - 0x00007ff9bcc65000 	C:\WINDOWS\System32\ucrtbase.dll
0x00007ff9bce00000 - 0x00007ff9bce6a000 	C:\WINDOWS\System32\bcryptPrimitives.dll
0x00007ff9bf950000 - 0x00007ff9bf97e000 	C:\WINDOWS\System32\IMM32.DLL
0x0000000071af0000 - 0x0000000071bc2000 	E:\developer\java\jdk\jre\bin\msvcr100.dll
0x0000000071290000 - 0x0000000071ae8000 	E:\developer\java\jdk\jre\bin\server\jvm.dll
0x00007ff9bf940000 - 0x00007ff9bf948000 	C:\WINDOWS\System32\PSAPI.DLL
0x00007ff9ab0d0000 - 0x00007ff9ab0d9000 	C:\WINDOWS\SYSTEM32\WSOCK32.dll
0x00007ff9b9d40000 - 0x00007ff9b9d63000 	C:\WINDOWS\SYSTEM32\WINMM.dll
0x00007ff9bf730000 - 0x00007ff9bf79a000 	C:\WINDOWS\System32\WS2_32.dll
0x00007ff9b9cd0000 - 0x00007ff9b9cfb000 	C:\WINDOWS\SYSTEM32\WINMMBASE.dll
0x00007ff9bced0000 - 0x00007ff9bcf12000 	C:\WINDOWS\System32\cfgmgr32.dll
0x0000000072b60000 - 0x0000000072b6f000 	E:\developer\java\jdk\jre\bin\verify.dll
0x0000000072b30000 - 0x0000000072b58000 	E:\developer\java\jdk\jre\bin\java.dll
0x0000000072b10000 - 0x0000000072b26000 	E:\developer\java\jdk\jre\bin\zip.dll
0x00007ff9bd0b0000 - 0x00007ff9be5b8000 	C:\WINDOWS\System32\SHELL32.dll
0x00007ff9bbf40000 - 0x00007ff9bc61a000 	C:\WINDOWS\System32\windows.storage.dll
0x00007ff9bbe20000 - 0x00007ff9bbe6c000 	C:\WINDOWS\System32\powrprof.dll
0x00007ff9beaa0000 - 0x00007ff9beaf2000 	C:\WINDOWS\System32\shlwapi.dll
0x00007ff9bbe10000 - 0x00007ff9bbe1f000 	C:\WINDOWS\System32\kernel.appcore.dll
0x00007ff9bc6d0000 - 0x00007ff9bc779000 	C:\WINDOWS\System32\shcore.dll
0x00007ff9bbdf0000 - 0x00007ff9bbe04000 	C:\WINDOWS\System32\profapi.dll
0x0000000072af0000 - 0x0000000072b0a000 	E:\developer\java\jdk\jre\bin\net.dll
0x00007ff9bb720000 - 0x00007ff9bb77c000 	C:\WINDOWS\system32\mswsock.dll
0x0000000072ad0000 - 0x0000000072ae1000 	E:\developer\java\jdk\jre\bin\nio.dll
0x00007ff9b6290000 - 0x00007ff9b62ae000 	C:\Users\Phil\.gradle\native\23\windows-amd64\native-platform.dll
0x00007ff9bb8c0000 - 0x00007ff9bb8d7000 	C:\WINDOWS\SYSTEM32\CRYPTSP.dll
0x00007ff9bb320000 - 0x00007ff9bb353000 	C:\WINDOWS\system32\rsaenh.dll
0x00007ff9bb9d0000 - 0x00007ff9bb9fb000 	C:\WINDOWS\SYSTEM32\bcrypt.dll
0x00007ff9bb5a0000 - 0x00007ff9bb5bf000 	C:\WINDOWS\SYSTEM32\USERENV.dll
0x00007ff9bb8e0000 - 0x00007ff9bb8eb000 	C:\WINDOWS\SYSTEM32\CRYPTBASE.dll
0x00007ff9bb4a0000 - 0x00007ff9bb4d8000 	C:\WINDOWS\SYSTEM32\IPHLPAPI.DLL
0x00007ff9be5c0000 - 0x00007ff9be5c8000 	C:\WINDOWS\System32\NSI.dll
0x00007ff9b7150000 - 0x00007ff9b7166000 	C:\WINDOWS\SYSTEM32\dhcpcsvc6.DLL
0x00007ff9b75a0000 - 0x00007ff9b75ba000 	C:\WINDOWS\SYSTEM32\dhcpcsvc.DLL
0x0000000072ac0000 - 0x0000000072acd000 	E:\developer\java\jdk\jre\bin\management.dll
0x00007ff9ad6e0000 - 0x00007ff9ad706000 	C:\Program Files (x86)\Sangfor\SSL\ClientComponent\SangforNspX64.dll
0x00007ff9bf420000 - 0x00007ff9bf557000 	C:\WINDOWS\System32\ole32.dll
0x00007ff9bf670000 - 0x00007ff9bf72f000 	C:\WINDOWS\System32\OLEAUT32.dll
0x00007ff9bbe80000 - 0x00007ff9bbf1c000 	C:\WINDOWS\System32\msvcp_win.dll
0x00007ff99e7c0000 - 0x00007ff99e7d6000 	C:\WINDOWS\system32\napinsp.dll
0x00007ff99e7a0000 - 0x00007ff99e7ba000 	C:\WINDOWS\system32\pnrpnsp.dll
0x00007ff9b9fb0000 - 0x00007ff9b9fc8000 	C:\WINDOWS\system32\NLAapi.dll
0x00007ff9bb4e0000 - 0x00007ff9bb581000 	C:\WINDOWS\SYSTEM32\DNSAPI.dll
0x00007ff9a31b0000 - 0x00007ff9a31be000 	C:\WINDOWS\System32\winrnr.dll
0x00007ff99e750000 - 0x00007ff99e765000 	C:\WINDOWS\System32\wshbth.dll
0x00007ff9baa30000 - 0x00007ff9babaa000 	C:\Program Files (x86)\Sangfor\SSL\ClientComponent\SangforTcpX64.dll
0x00007ff9bce70000 - 0x00007ff9bcec5000 	C:\WINDOWS\System32\WINTRUST.dll
0x00007ff9bbe70000 - 0x00007ff9bbe80000 	C:\WINDOWS\System32\MSASN1.dll
0x00007ff9bc780000 - 0x00007ff9bc949000 	C:\WINDOWS\System32\CRYPT32.dll
0x00007ff9baa20000 - 0x00007ff9baa2a000 	C:\WINDOWS\SYSTEM32\VERSION.dll
0x00007ff9ad4d0000 - 0x00007ff9ad4da000 	C:\Windows\System32\rasadhlp.dll
0x00007ff9b5b60000 - 0x00007ff9b5bca000 	C:\WINDOWS\System32\fwpuclnt.dll
0x0000000072ab0000 - 0x0000000072ab9000 	E:\developer\java\jdk\jre\bin\attach.dll
0x0000000071260000 - 0x0000000071283000 	E:\developer\java\jdk\jre\bin\instrument.dll
0x0000000071230000 - 0x0000000071254000 	E:\developer\java\jdk\jre\bin\sunec.dll
0x0000000072aa0000 - 0x0000000072aab000 	E:\developer\java\jdk\jre\bin\sunmscapi.dll
0x00007ff9aa7f0000 - 0x00007ff9aa982000 	C:\WINDOWS\SYSTEM32\dbghelp.dll

VM Arguments:
jvm_args: -Xmx2048m -Dfile.encoding=GBK -Duser.country=CN -Duser.language=zh -Duser.variant 
java_command: org.gradle.launcher.daemon.bootstrap.GradleDaemon 3.3
java_class_path (initial): C:\Users\Phil\.gradle\wrapper\dists\gradle-3.3-all\55gk2rcmfc6p2dg9u9ohc3hw9\gradle-3.3\lib\gradle-launcher-3.3.jar
Launcher Type: SUN_STANDARD

Environment Variables:
JAVA_HOME=e:\developer\java\jdk
PATH=C:\Program Files (x86)\Intel\iCLS Client\;C:\Program Files\Intel\iCLS Client\;C:\Windows\system32;C:\Windows;C:\Windows\System32\Wbem;C:\Windows\System32\WindowsPowerShell\v1.0\;C:\Program Files (x86)\NVIDIA Corporation\PhysX\Common;C:\Program Files (x86)\Intel\Intel(R) Management Engine Components\DAL;C:\Program Files\Intel\Intel(R) Management Engine Components\DAL;C:\Program Files (x86)\Intel\Intel(R) Management Engine Components\IPT;C:\Program Files\Intel\Intel(R) Management Engine Components\IPT;E:\developer\git\Git\cmd;C:\WINDOWS\system32;C:\WINDOWS;C:\WINDOWS\System32\Wbem;C:\WINDOWS\System32\WindowsPowerShell\v1.0\;E:\developer\svn\bin;C:\Program Files\Intel\WiFi\bin\;C:\Program Files\Common Files\Intel\WirelessCommon\;C:\Users\Phil\AppData\Local\Microsoft\WindowsApps;
USERNAME=Phil
OS=Windows_NT
PROCESSOR_IDENTIFIER=Intel64 Family 6 Model 94 Stepping 3, GenuineIntel



---------------  S Y S T E M  ---------------

OS: Windows 8.1 , 64 bit Build 9600 

CPU:total 8 (4 cores per cpu, 2 threads per core) family 6 model 94 stepping 3, cmov, cx8, fxsr, mmx, sse, sse2, sse3, ssse3, sse4.1, sse4.2, popcnt, avx, avx2, aes, clmul, erms, rtm, lzcnt, ht, tsc, tscinvbit, bmi1, bmi2

Memory: 4k page, physical 16687908k(7442936k free), swap 19178276k(8177132k free)

vm_info: Java HotSpot(TM) 64-Bit Server VM (25.20-b23) for windows-amd64 JRE (1.8.0_20-b26), built on Jul 30 2014 13:51:23 by "java_re" with MS VC++ 10.0 (VS2010)

time: Tue Apr 25 15:29:12 2017
elapsed time: 1059 seconds (0d 0h 17m 39s)

